[     270ms] [INFO] %cDownload the React DevTools for a better development experience: https://react.dev/link/react-devtools font-weight:bold @ http://localhost:3008/_next/static/chunks/node_modules_next_dist_1ybzpk2._.js:2477
[     281ms] [LOG] [HMR] connected @ http://localhost:3008/_next/static/chunks/node_modules_next_dist_1ybzpk2._.js:2477
[     314ms] [WARNING] Image with src "/learn_to_vibe_code_logo_cosmic_mark_transparent.png" was detected as the Largest Contentful Paint (LCP). Please add the `loading="eager"` property if this image is above the fold.
Read more: https://nextjs.org/docs/app/api-reference/components/image#loading @ http://localhost:3008/_next/static/chunks/node_modules_next_dist_1ybzpk2._.js:2477
[     376ms] [LOG] %c[Vercel Web Analytics]%c Debug mode is enabled by default in development. No requests will be sent to the server. color: rgb(120, 120, 120) color: inherit @ http://localhost:3008/_next/static/chunks/node_modules_next_dist_1ybzpk2._.js:2477
[     376ms] [LOG] %c[Vercel Web Analytics]%c [view] http://localhost:3008/course/0 color: rgb(120, 120, 120) color: inherit {o: http://localhost:3008/course/0, sv: 0.1.3, sdkn: @vercel/analytics/react, sdkv: 2.0.1, ts: 1783908886785} /_vercel/insights/view @ http://localhost:3008/_next/static/chunks/node_modules_next_dist_1ybzpk2._.js:2477
[  164987ms] [LOG] [Fast Refresh] rebuilding @ http://localhost:3008/_next/static/chunks/node_modules_next_dist_1ybzpk2._.js:2477
[  165030ms] [LOG] [Fast Refresh] done in 96ms @ http://localhost:3008/_next/static/chunks/node_modules_next_dist_1ybzpk2._.js:2477
[  172253ms] [LOG] [Fast Refresh] rebuilding @ http://localhost:3008/_next/static/chunks/node_modules_next_dist_1ybzpk2._.js:2477
[  172274ms] [LOG] [Fast Refresh] done in 89ms @ http://localhost:3008/_next/static/chunks/node_modules_next_dist_1ybzpk2._.js:2477
[  176178ms] [LOG] [Fast Refresh] rebuilding @ http://localhost:3008/_next/static/chunks/node_modules_next_dist_1ybzpk2._.js:2477
[  176255ms] [ERROR] ./components/StepLessonViewer.tsx:66:11
the name `user` is defined multiple times
  64 |   const { remaining, total } = useModuleTimeRemaining(steps, currentStepIndex);
  65 |   const streak = useUserStreak();
> 66 |   const { user } = useUser();
     |           ^^^^
  67 |   const timeGradientId = useId();
  68 |   const { shortcutsOpen, setShortcutsOpen } = useKeyboardShortcuts();
  69 |

Ecmascript file had an error

Import trace:
  Server Component:
    ./components/StepLessonViewer.tsx
    ./app/course/[moduleId]/page.tsx @ http://localhost:3008/_next/static/chunks/node_modules_next_dist_1ybzpk2._.js:3318
[  176370ms] [LOG] [Fast Refresh] rebuilding @ http://localhost:3008/_next/static/chunks/node_modules_next_dist_1ybzpk2._.js:2477
[  176770ms] [ERROR] ./components/StepLessonViewer.tsx:66:11
the name `user` is defined multiple times
  64 |   const { remaining, total } = useModuleTimeRemaining(steps, currentStepIndex);
  65 |   const streak = useUserStreak();
> 66 |   const { user } = useUser();
     |           ^^^^
  67 |   const timeGradientId = useId();
  68 |   const { shortcutsOpen, setShortcutsOpen } = useKeyboardShortcuts();
  69 |

Ecmascript file had an error

Import trace:
  Server Component:
    ./components/StepLessonViewer.tsx
    ./app/course/[moduleId]/page.tsx @ http://localhost:3008/_next/static/chunks/node_modules_next_dist_1ybzpk2._.js:3318
[  176871ms] [LOG] [Fast Refresh] rebuilding @ http://localhost:3008/_next/static/chunks/node_modules_next_dist_1ybzpk2._.js:2477
[  177077ms] [ERROR] ./components/StepLessonViewer.tsx:66:11
the name `user` is defined multiple times
  64 |   const { remaining, total } = useModuleTimeRemaining(steps, currentStepIndex);
  65 |   const streak = useUserStreak();
> 66 |   const { user } = useUser();
     |           ^^^^
  67 |   const timeGradientId = useId();
  68 |   const { shortcutsOpen, setShortcutsOpen } = useKeyboardShortcuts();
  69 |

Ecmascript file had an error

Import trace:
  Server Component:
    ./components/StepLessonViewer.tsx
    ./app/course/[moduleId]/page.tsx @ http://localhost:3008/_next/static/chunks/node_modules_next_dist_1ybzpk2._.js:3318
[  177171ms] [ERROR] Failed to load resource: the server responded with a status of 500 (Internal Server Error) @ http://localhost:3008/course/0?_rsc=w7plvGuO-jWKGm73:0
[  177247ms] [ERROR] Failed to load resource: the server responded with a status of 500 (Internal Server Error) @ http://localhost:3008/course/0:0
[  177411ms] [INFO] %cDownload the React DevTools for a better development experience: https://react.dev/link/react-devtools font-weight:bold @ http://localhost:3008/_next/static/chunks/node_modules_react-dom_0kla17-._.js:15305
[  177451ms] Error: ./components/StepLessonViewer.tsx:66:11
the name `user` is defined multiple times
  64 |   const { remaining, total } = useModuleTimeRemaining(steps, currentStepIndex);
  65 |   const streak = useUserStreak();
> 66 |   const { user } = useUser();
     |           ^^^^
  67 |   const timeGradientId = useId();
  68 |   const { shortcutsOpen, setShortcutsOpen } = useKeyboardShortcuts();
  69 |

Ecmascript file had an error

Import trace:
  Server Component:
    ./components/StepLessonViewer.tsx
    ./app/course/[moduleId]/page.tsx


    at <unknown> (Error: ./components/StepLessonViewer.tsx:66:11)
    at Object.getCompilationErrors (file:///Users/admin/Charlie Foreman/My Projects/learn-to-vibe-code/node_modules/next/dist/server/dev/hot-reloader-turbopack.js:1186:59)
    at DevBundlerService.getCompilationError (file:///Users/admin/Charlie Foreman/My Projects/learn-to-vibe-code/node_modules/next/dist/server/lib/dev-bundler-service.js:44:55)
    at DevServer.getCompilationError (file:///Users/admin/Charlie Foreman/My Projects/learn-to-vibe-code/node_modules/next/dist/server/dev/next-dev-server.js:720:42)
    at DevServer.findPageComponents (file:///Users/admin/Charlie Foreman/My Projects/learn-to-vibe-code/node_modules/next/dist/server/dev/next-dev-server.js:690:43)
    at async DevServer.renderErrorToResponseImpl (file:///Users/admin/Charlie Foreman/My Projects/learn-to-vibe-code/node_modules/next/dist/server/base-server.js:1753:26)
[  177462ms] [LOG] [HMR] connected @ http://localhost:3008/_next/static/chunks/node_modules_next_dist_1gdrd03._.js:1226
[  177472ms] [ERROR] ./components/StepLessonViewer.tsx:66:11
the name `user` is defined multiple times
  64 |   const { remaining, total } = useModuleTimeRemaining(steps, currentStepIndex);
  65 |   const streak = useUserStreak();
> 66 |   const { user } = useUser();
     |           ^^^^
  67 |   const timeGradientId = useId();
  68 |   const { shortcutsOpen, setShortcutsOpen } = useKeyboardShortcuts();
  69 |

Ecmascript file had an error

Import trace:
  Server Component:
    ./components/StepLessonViewer.tsx
    ./app/course/[moduleId]/page.tsx @ http://localhost:3008/_next/static/chunks/node_modules_next_dist_1gdrd03._.js:1945
[  177542ms] [ERROR] ./components/StepLessonViewer.tsx:66:11
the name `user` is defined multiple times
  64 |   const { remaining, total } = useModuleTimeRemaining(steps, currentStepIndex);
  65 |   const streak = useUserStreak();
> 66 |   const { user } = useUser();
     |           ^^^^
  67 |   const timeGradientId = useId();
  68 |   const { shortcutsOpen, setShortcutsOpen } = useKeyboardShortcuts();
  69 |

Ecmascript file had an error

Import trace:
  Server Component:
    ./components/StepLessonViewer.tsx
    ./app/course/[moduleId]/page.tsx @ http://localhost:3008/_next/static/chunks/node_modules_next_dist_1gdrd03._.js:1945
[  190115ms] [LOG] [Fast Refresh] rebuilding @ http://localhost:3008/_next/static/chunks/node_modules_next_dist_1gdrd03._.js:1226
[  190174ms] [ERROR] ./components/StepLessonViewer.tsx:66:11
the name `user` is defined multiple times
  64 |   const { remaining, total } = useModuleTimeRemaining(steps, currentStepIndex);
  65 |   const streak = useUserStreak();
> 66 |   const { user } = useUser();
     |           ^^^^
  67 |   const timeGradientId = useId();
  68 |   const { shortcutsOpen, setShortcutsOpen } = useKeyboardShortcuts();
  69 |

Ecmascript file had an error

Import trace:
  Server Component:
    ./components/StepLessonViewer.tsx
    ./app/course/[moduleId]/page.tsx @ http://localhost:3008/_next/static/chunks/node_modules_next_dist_1gdrd03._.js:1945
[  190181ms] [ERROR] Failed to load resource: the server responded with a status of 500 (Internal Server Error) @ http://localhost:3008/course/0:0
[  190215ms] [INFO] %cDownload the React DevTools for a better development experience: https://react.dev/link/react-devtools font-weight:bold @ http://localhost:3008/_next/static/chunks/node_modules_react-dom_0kla17-._.js:15305
[  190221ms] Error: ./components/StepLessonViewer.tsx:66:11
the name `user` is defined multiple times
  64 |   const { remaining, total } = useModuleTimeRemaining(steps, currentStepIndex);
  65 |   const streak = useUserStreak();
> 66 |   const { user } = useUser();
     |           ^^^^
  67 |   const timeGradientId = useId();
  68 |   const { shortcutsOpen, setShortcutsOpen } = useKeyboardShortcuts();
  69 |

Ecmascript file had an error

Import trace:
  Server Component:
    ./components/StepLessonViewer.tsx
    ./app/course/[moduleId]/page.tsx


    at <unknown> (Error: ./components/StepLessonViewer.tsx:66:11)
    at Object.getCompilationErrors (file:///Users/admin/Charlie Foreman/My Projects/learn-to-vibe-code/node_modules/next/dist/server/dev/hot-reloader-turbopack.js:1186:59)
    at DevBundlerService.getCompilationError (file:///Users/admin/Charlie Foreman/My Projects/learn-to-vibe-code/node_modules/next/dist/server/lib/dev-bundler-service.js:44:55)
    at DevServer.getCompilationError (file:///Users/admin/Charlie Foreman/My Projects/learn-to-vibe-code/node_modules/next/dist/server/dev/next-dev-server.js:720:42)
    at DevServer.findPageComponents (file:///Users/admin/Charlie Foreman/My Projects/learn-to-vibe-code/node_modules/next/dist/server/dev/next-dev-server.js:690:43)
    at async DevServer.renderErrorToResponseImpl (file:///Users/admin/Charlie Foreman/My Projects/learn-to-vibe-code/node_modules/next/dist/server/base-server.js:1753:26)
[  190232ms] [LOG] [HMR] connected @ http://localhost:3008/_next/static/chunks/node_modules_next_dist_1gdrd03._.js:1226
[  190236ms] [ERROR] ./components/StepLessonViewer.tsx:66:11
the name `user` is defined multiple times
  64 |   const { remaining, total } = useModuleTimeRemaining(steps, currentStepIndex);
  65 |   const streak = useUserStreak();
> 66 |   const { user } = useUser();
     |           ^^^^
  67 |   const timeGradientId = useId();
  68 |   const { shortcutsOpen, setShortcutsOpen } = useKeyboardShortcuts();
  69 |

Ecmascript file had an error

Import trace:
  Server Component:
    ./components/StepLessonViewer.tsx
    ./app/course/[moduleId]/page.tsx @ http://localhost:3008/_next/static/chunks/node_modules_next_dist_1gdrd03._.js:1945
[  190255ms] [ERROR] ./components/StepLessonViewer.tsx:66:11
the name `user` is defined multiple times
  64 |   const { remaining, total } = useModuleTimeRemaining(steps, currentStepIndex);
  65 |   const streak = useUserStreak();
> 66 |   const { user } = useUser();
     |           ^^^^
  67 |   const timeGradientId = useId();
  68 |   const { shortcutsOpen, setShortcutsOpen } = useKeyboardShortcuts();
  69 |

Ecmascript file had an error

Import trace:
  Server Component:
    ./components/StepLessonViewer.tsx
    ./app/course/[moduleId]/page.tsx @ http://localhost:3008/_next/static/chunks/node_modules_next_dist_1gdrd03._.js:1945
[  190295ms] [ERROR] ./components/StepLessonViewer.tsx:66:11
the name `user` is defined multiple times
  64 |   const { remaining, total } = useModuleTimeRemaining(steps, currentStepIndex);
  65 |   const streak = useUserStreak();
> 66 |   const { user } = useUser();
     |           ^^^^
  67 |   const timeGradientId = useId();
  68 |   const { shortcutsOpen, setShortcutsOpen } = useKeyboardShortcuts();
  69 |

Ecmascript file had an error

Import trace:
  Server Component:
    ./components/StepLessonViewer.tsx
    ./app/course/[moduleId]/page.tsx @ http://localhost:3008/_next/static/chunks/node_modules_next_dist_1gdrd03._.js:1945
[  190369ms] [ERROR] ./components/StepLessonViewer.tsx:66:11
the name `user` is defined multiple times
  64 |   const { remaining, total } = useModuleTimeRemaining(steps, currentStepIndex);
  65 |   const streak = useUserStreak();
> 66 |   const { user } = useUser();
     |           ^^^^
  67 |   const timeGradientId = useId();
  68 |   const { shortcutsOpen, setShortcutsOpen } = useKeyboardShortcuts();
  69 |

Ecmascript file had an error

Import trace:
  Server Component:
    ./components/StepLessonViewer.tsx
    ./app/course/[moduleId]/page.tsx @ http://localhost:3008/_next/static/chunks/node_modules_next_dist_1gdrd03._.js:1945
[  190429ms] [LOG] [Fast Refresh] rebuilding @ http://localhost:3008/_next/static/chunks/node_modules_next_dist_1gdrd03._.js:1226
[  196419ms] [LOG] [Fast Refresh] rebuilding @ http://localhost:3008/_next/static/chunks/node_modules_next_dist_1gdrd03._.js:1226
[  196438ms] [ERROR] ./components/StepLessonViewer.tsx:66:11
the name `user` is defined multiple times
  64 |   const { remaining, total } = useModuleTimeRemaining(steps, currentStepIndex);
  65 |   const streak = useUserStreak();
> 66 |   const { user } = useUser();
     |           ^^^^
  67 |   const timeGradientId = useId();
  68 |   const { shortcutsOpen, setShortcutsOpen } = useKeyboardShortcuts();
  69 |

Ecmascript file had an error

Import trace:
  Server Component:
    ./components/StepLessonViewer.tsx
    ./app/course/[moduleId]/page.tsx @ http://localhost:3008/_next/static/chunks/node_modules_next_dist_1gdrd03._.js:1945
[  196477ms] [ERROR] Failed to load resource: the server responded with a status of 500 (Internal Server Error) @ http://localhost:3008/course/0:0
[  196523ms] [INFO] %cDownload the React DevTools for a better development experience: https://react.dev/link/react-devtools font-weight:bold @ http://localhost:3008/_next/static/chunks/node_modules_react-dom_0kla17-._.js:15305
[  196532ms] Error: ./components/StepLessonViewer.tsx:66:11
the name `user` is defined multiple times
  64 |   const { remaining, total } = useModuleTimeRemaining(steps, currentStepIndex);
  65 |   const streak = useUserStreak();
> 66 |   const { user } = useUser();
     |           ^^^^
  67 |   const timeGradientId = useId();
  68 |   const { shortcutsOpen, setShortcutsOpen } = useKeyboardShortcuts();
  69 |

Ecmascript file had an error

Import trace:
  Server Component:
    ./components/StepLessonViewer.tsx
    ./app/course/[moduleId]/page.tsx


    at <unknown> (Error: ./components/StepLessonViewer.tsx:66:11)
    at Object.getCompilationErrors (file:///Users/admin/Charlie Foreman/My Projects/learn-to-vibe-code/node_modules/next/dist/server/dev/hot-reloader-turbopack.js:1186:59)
    at DevBundlerService.getCompilationError (file:///Users/admin/Charlie Foreman/My Projects/learn-to-vibe-code/node_modules/next/dist/server/lib/dev-bundler-service.js:44:55)
    at DevServer.getCompilationError (file:///Users/admin/Charlie Foreman/My Projects/learn-to-vibe-code/node_modules/next/dist/server/dev/next-dev-server.js:720:42)
    at DevServer.findPageComponents (file:///Users/admin/Charlie Foreman/My Projects/learn-to-vibe-code/node_modules/next/dist/server/dev/next-dev-server.js:690:43)
    at async DevServer.renderErrorToResponseImpl (file:///Users/admin/Charlie Foreman/My Projects/learn-to-vibe-code/node_modules/next/dist/server/base-server.js:1753:26)
[  196538ms] [LOG] [HMR] connected @ http://localhost:3008/_next/static/chunks/node_modules_next_dist_1gdrd03._.js:1226
[  196549ms] [ERROR] ./components/StepLessonViewer.tsx:66:11
the name `user` is defined multiple times
  64 |   const { remaining, total } = useModuleTimeRemaining(steps, currentStepIndex);
  65 |   const streak = useUserStreak();
> 66 |   const { user } = useUser();
     |           ^^^^
  67 |   const timeGradientId = useId();
  68 |   const { shortcutsOpen, setShortcutsOpen } = useKeyboardShortcuts();
  69 |

Ecmascript file had an error

Import trace:
  Server Component:
    ./components/StepLessonViewer.tsx
    ./app/course/[moduleId]/page.tsx @ http://localhost:3008/_next/static/chunks/node_modules_next_dist_1gdrd03._.js:1945
[  196636ms] [ERROR] ./components/StepLessonViewer.tsx:66:11
the name `user` is defined multiple times
  64 |   const { remaining, total } = useModuleTimeRemaining(steps, currentStepIndex);
  65 |   const streak = useUserStreak();
> 66 |   const { user } = useUser();
     |           ^^^^
  67 |   const timeGradientId = useId();
  68 |   const { shortcutsOpen, setShortcutsOpen } = useKeyboardShortcuts();
  69 |

Ecmascript file had an error

Import trace:
  Server Component:
    ./components/StepLessonViewer.tsx
    ./app/course/[moduleId]/page.tsx @ http://localhost:3008/_next/static/chunks/node_modules_next_dist_1gdrd03._.js:1945
[  196647ms] [LOG] [Fast Refresh] rebuilding @ http://localhost:3008/_next/static/chunks/node_modules_next_dist_1gdrd03._.js:1226
[  209088ms] [LOG] [Fast Refresh] rebuilding @ http://localhost:3008/_next/static/chunks/node_modules_next_dist_1gdrd03._.js:1226
[  209139ms] [ERROR] Failed to load resource: the server responded with a status of 500 (Internal Server Error) @ http://localhost:3008/course/0:0
[  209173ms] [INFO] %cDownload the React DevTools for a better development experience: https://react.dev/link/react-devtools font-weight:bold @ http://localhost:3008/_next/static/chunks/node_modules_react-dom_0kla17-._.js:15305
[  209179ms] Error: ./components/StepLessonViewer.tsx:66:11
the name `user` is defined multiple times
  64 |   const { remaining, total } = useModuleTimeRemaining(steps, currentStepIndex);
  65 |   const streak = useUserStreak();
> 66 |   const { user } = useUser();
     |           ^^^^
  67 |   const timeGradientId = useId();
  68 |   const { shortcutsOpen, setShortcutsOpen } = useKeyboardShortcuts();
  69 |

Ecmascript file had an error

Import trace:
  Server Component:
    ./components/StepLessonViewer.tsx
    ./app/course/[moduleId]/page.tsx


    at <unknown> (Error: ./components/StepLessonViewer.tsx:66:11)
    at Object.getCompilationErrors (file:///Users/admin/Charlie Foreman/My Projects/learn-to-vibe-code/node_modules/next/dist/server/dev/hot-reloader-turbopack.js:1186:59)
    at DevBundlerService.getCompilationError (file:///Users/admin/Charlie Foreman/My Projects/learn-to-vibe-code/node_modules/next/dist/server/lib/dev-bundler-service.js:44:55)
    at DevServer.getCompilationError (file:///Users/admin/Charlie Foreman/My Projects/learn-to-vibe-code/node_modules/next/dist/server/dev/next-dev-server.js:720:42)
    at DevServer.findPageComponents (file:///Users/admin/Charlie Foreman/My Projects/learn-to-vibe-code/node_modules/next/dist/server/dev/next-dev-server.js:690:43)
    at async DevServer.renderErrorToResponseImpl (file:///Users/admin/Charlie Foreman/My Projects/learn-to-vibe-code/node_modules/next/dist/server/base-server.js:1753:26)
[  209194ms] [LOG] [HMR] connected @ http://localhost:3008/_next/static/chunks/node_modules_next_dist_1gdrd03._.js:1226
[  209214ms] [ERROR] ./components/StepLessonViewer.tsx:66:11
the name `user` is defined multiple times
  64 |   const { remaining, total } = useModuleTimeRemaining(steps, currentStepIndex);
  65 |   const streak = useUserStreak();
> 66 |   const { user } = useUser();
     |           ^^^^
  67 |   const timeGradientId = useId();
  68 |   const { shortcutsOpen, setShortcutsOpen } = useKeyboardShortcuts();
  69 |

Ecmascript file had an error

Import trace:
  Server Component:
    ./components/StepLessonViewer.tsx
    ./app/course/[moduleId]/page.tsx @ http://localhost:3008/_next/static/chunks/node_modules_next_dist_1gdrd03._.js:1945
[  209279ms] [ERROR] ./components/StepLessonViewer.tsx:66:11
the name `user` is defined multiple times
  64 |   const { remaining, total } = useModuleTimeRemaining(steps, currentStepIndex);
  65 |   const streak = useUserStreak();
> 66 |   const { user } = useUser();
     |           ^^^^
  67 |   const timeGradientId = useId();
  68 |   const { shortcutsOpen, setShortcutsOpen } = useKeyboardShortcuts();
  69 |

Ecmascript file had an error

Import trace:
  Server Component:
    ./components/StepLessonViewer.tsx
    ./app/course/[moduleId]/page.tsx @ http://localhost:3008/_next/static/chunks/node_modules_next_dist_1gdrd03._.js:1945
[  209298ms] [LOG] [Fast Refresh] rebuilding @ http://localhost:3008/_next/static/chunks/node_modules_next_dist_1gdrd03._.js:1226
[  224120ms] [LOG] [Fast Refresh] rebuilding @ http://localhost:3008/_next/static/chunks/node_modules_next_dist_1gdrd03._.js:1226
[  224174ms] [ERROR] Failed to load resource: the server responded with a status of 500 (Internal Server Error) @ http://localhost:3008/course/0:0
[  224213ms] [INFO] %cDownload the React DevTools for a better development experience: https://react.dev/link/react-devtools font-weight:bold @ http://localhost:3008/_next/static/chunks/node_modules_react-dom_0kla17-._.js:15305
[  224231ms] Error: ./components/StepLessonViewer.tsx:66:11
the name `user` is defined multiple times
  64 |   const { remaining, total } = useModuleTimeRemaining(steps, currentStepIndex);
  65 |   const streak = useUserStreak();
> 66 |   const { user } = useUser();
     |           ^^^^
  67 |   const timeGradientId = useId();
  68 |   const { shortcutsOpen, setShortcutsOpen } = useKeyboardShortcuts();
  69 |

Ecmascript file had an error

Import trace:
  Server Component:
    ./components/StepLessonViewer.tsx
    ./app/course/[moduleId]/page.tsx


    at <unknown> (Error: ./components/StepLessonViewer.tsx:66:11)
    at Object.getCompilationErrors (file:///Users/admin/Charlie Foreman/My Projects/learn-to-vibe-code/node_modules/next/dist/server/dev/hot-reloader-turbopack.js:1186:59)
    at DevBundlerService.getCompilationError (file:///Users/admin/Charlie Foreman/My Projects/learn-to-vibe-code/node_modules/next/dist/server/lib/dev-bundler-service.js:44:55)
    at DevServer.getCompilationError (file:///Users/admin/Charlie Foreman/My Projects/learn-to-vibe-code/node_modules/next/dist/server/dev/next-dev-server.js:720:42)
    at DevServer.findPageComponents (file:///Users/admin/Charlie Foreman/My Projects/learn-to-vibe-code/node_modules/next/dist/server/dev/next-dev-server.js:690:43)
    at async DevServer.renderErrorToResponseImpl (file:///Users/admin/Charlie Foreman/My Projects/learn-to-vibe-code/node_modules/next/dist/server/base-server.js:1753:26)
[  224252ms] [LOG] [HMR] connected @ http://localhost:3008/_next/static/chunks/node_modules_next_dist_1gdrd03._.js:1226
[  224271ms] [ERROR] ./components/StepLessonViewer.tsx:66:11
the name `user` is defined multiple times
  64 |   const { remaining, total } = useModuleTimeRemaining(steps, currentStepIndex);
  65 |   const streak = useUserStreak();
> 66 |   const { user } = useUser();
     |           ^^^^
  67 |   const timeGradientId = useId();
  68 |   const { shortcutsOpen, setShortcutsOpen } = useKeyboardShortcuts();
  69 |

Ecmascript file had an error

Import trace:
  Server Component:
    ./components/StepLessonViewer.tsx
    ./app/course/[moduleId]/page.tsx @ http://localhost:3008/_next/static/chunks/node_modules_next_dist_1gdrd03._.js:1945
[  224292ms] [ERROR] ./components/StepLessonViewer.tsx:66:11
the name `user` is defined multiple times
  64 |   const { remaining, total } = useModuleTimeRemaining(steps, currentStepIndex);
  65 |   const streak = useUserStreak();
> 66 |   const { user } = useUser();
     |           ^^^^
  67 |   const timeGradientId = useId();
  68 |   const { shortcutsOpen, setShortcutsOpen } = useKeyboardShortcuts();
  69 |

Ecmascript file had an error

Import trace:
  Server Component:
    ./components/StepLessonViewer.tsx
    ./app/course/[moduleId]/page.tsx @ http://localhost:3008/_next/static/chunks/node_modules_next_dist_1gdrd03._.js:1945
[  224349ms] [ERROR] ./components/StepLessonViewer.tsx:66:11
the name `user` is defined multiple times
  64 |   const { remaining, total } = useModuleTimeRemaining(steps, currentStepIndex);
  65 |   const streak = useUserStreak();
> 66 |   const { user } = useUser();
     |           ^^^^
  67 |   const timeGradientId = useId();
  68 |   const { shortcutsOpen, setShortcutsOpen } = useKeyboardShortcuts();
  69 |

Ecmascript file had an error

Import trace:
  Server Component:
    ./components/StepLessonViewer.tsx
    ./app/course/[moduleId]/page.tsx @ http://localhost:3008/_next/static/chunks/node_modules_next_dist_1gdrd03._.js:1945
[  224410ms] [LOG] [Fast Refresh] rebuilding @ http://localhost:3008/_next/static/chunks/node_modules_next_dist_1gdrd03._.js:1226
[  240401ms] [LOG] [Fast Refresh] rebuilding @ http://localhost:3008/_next/static/chunks/node_modules_next_dist_1gdrd03._.js:1226
[  240448ms] [ERROR] ./components/StepLessonViewer.tsx:66:11
the name `user` is defined multiple times
  64 |   const { remaining, total } = useModuleTimeRemaining(steps, currentStepIndex);
  65 |   const streak = useUserStreak();
> 66 |   const { user } = useUser();
     |           ^^^^
  67 |   const timeGradientId = useId();
  68 |   const { shortcutsOpen, setShortcutsOpen } = useKeyboardShortcuts();
  69 |

Ecmascript file had an error

Import trace:
  Server Component:
    ./components/StepLessonViewer.tsx
    ./app/course/[moduleId]/page.tsx @ http://localhost:3008/_next/static/chunks/node_modules_next_dist_1gdrd03._.js:1945
[  240540ms] [ERROR] ./components/StepLessonViewer.tsx:66:11
the name `user` is defined multiple times
  64 |   const { remaining, total } = useModuleTimeRemaining(steps, currentStepIndex);
  65 |   const streak = useUserStreak();
> 66 |   const { user } = useUser();
     |           ^^^^
  67 |   const timeGradientId = useId();
  68 |   const { shortcutsOpen, setShortcutsOpen } = useKeyboardShortcuts();
  69 |

Ecmascript file had an error

Import trace:
  Server Component:
    ./components/StepLessonViewer.tsx
    ./app/course/[moduleId]/page.tsx @ http://localhost:3008/_next/static/chunks/node_modules_next_dist_1gdrd03._.js:1945
[  240595ms] [ERROR] Failed to load resource: the server responded with a status of 500 (Internal Server Error) @ http://localhost:3008/course/0:0
[  240609ms] [INFO] %cDownload the React DevTools for a better development experience: https://react.dev/link/react-devtools font-weight:bold @ http://localhost:3008/_next/static/chunks/node_modules_react-dom_0kla17-._.js:15305
[  240615ms] Error: ./components/StepLessonViewer.tsx:66:11
the name `user` is defined multiple times
  64 |   const { remaining, total } = useModuleTimeRemaining(steps, currentStepIndex);
  65 |   const streak = useUserStreak();
> 66 |   const { user } = useUser();
     |           ^^^^
  67 |   const timeGradientId = useId();
  68 |   const { shortcutsOpen, setShortcutsOpen } = useKeyboardShortcuts();
  69 |

Ecmascript file had an error

Import trace:
  Server Component:
    ./components/StepLessonViewer.tsx
    ./app/course/[moduleId]/page.tsx


    at <unknown> (Error: ./components/StepLessonViewer.tsx:66:11)
    at Object.getCompilationErrors (file:///Users/admin/Charlie Foreman/My Projects/learn-to-vibe-code/node_modules/next/dist/server/dev/hot-reloader-turbopack.js:1186:59)
    at DevBundlerService.getCompilationError (file:///Users/admin/Charlie Foreman/My Projects/learn-to-vibe-code/node_modules/next/dist/server/lib/dev-bundler-service.js:44:55)
    at DevServer.getCompilationError (file:///Users/admin/Charlie Foreman/My Projects/learn-to-vibe-code/node_modules/next/dist/server/dev/next-dev-server.js:720:42)
    at DevServer.findPageComponents (file:///Users/admin/Charlie Foreman/My Projects/learn-to-vibe-code/node_modules/next/dist/server/dev/next-dev-server.js:690:43)
    at async DevServer.renderErrorToResponseImpl (file:///Users/admin/Charlie Foreman/My Projects/learn-to-vibe-code/node_modules/next/dist/server/base-server.js:1753:26)
[  240620ms] [LOG] [HMR] connected @ http://localhost:3008/_next/static/chunks/node_modules_next_dist_1gdrd03._.js:1226
[  240629ms] [ERROR] ./components/StepLessonViewer.tsx:66:11
the name `user` is defined multiple times
  64 |   const { remaining, total } = useModuleTimeRemaining(steps, currentStepIndex);
  65 |   const streak = useUserStreak();
> 66 |   const { user } = useUser();
     |           ^^^^
  67 |   const timeGradientId = useId();
  68 |   const { shortcutsOpen, setShortcutsOpen } = useKeyboardShortcuts();
  69 |

Ecmascript file had an error

Import trace:
  Server Component:
    ./components/StepLessonViewer.tsx
    ./app/course/[moduleId]/page.tsx @ http://localhost:3008/_next/static/chunks/node_modules_next_dist_1gdrd03._.js:1945
[  240664ms] [ERROR] ./components/StepLessonViewer.tsx:66:11
the name `user` is defined multiple times
  64 |   const { remaining, total } = useModuleTimeRemaining(steps, currentStepIndex);
  65 |   const streak = useUserStreak();
> 66 |   const { user } = useUser();
     |           ^^^^
  67 |   const timeGradientId = useId();
  68 |   const { shortcutsOpen, setShortcutsOpen } = useKeyboardShortcuts();
  69 |

Ecmascript file had an error

Import trace:
  Server Component:
    ./components/StepLessonViewer.tsx
    ./app/course/[moduleId]/page.tsx @ http://localhost:3008/_next/static/chunks/node_modules_next_dist_1gdrd03._.js:1945
[  240728ms] [LOG] [Fast Refresh] rebuilding @ http://localhost:3008/_next/static/chunks/node_modules_next_dist_1gdrd03._.js:1226
[  244813ms] [ERROR] ./components/StepLessonViewer.tsx:66:11
the name `user` is defined multiple times
  64 |   const { remaining, total } = useModuleTimeRemaining(steps, currentStepIndex);
  65 |   const streak = useUserStreak();
> 66 |   const { user } = useUser();
     |           ^^^^
  67 |   const timeGradientId = useId();
  68 |   const { shortcutsOpen, setShortcutsOpen } = useKeyboardShortcuts();
  69 |

Ecmascript file had an error

Import trace:
  Server Component:
    ./components/StepLessonViewer.tsx
    ./app/course/[moduleId]/page.tsx @ http://localhost:3008/_next/static/chunks/node_modules_next_dist_1gdrd03._.js:1945
[  244847ms] [LOG] [Fast Refresh] rebuilding @ http://localhost:3008/_next/static/chunks/node_modules_next_dist_1gdrd03._.js:1226
[  250041ms] [ERROR] ./components/StepLessonViewer.tsx:66:11
the name `user` is defined multiple times
  64 |   const { remaining, total } = useModuleTimeRemaining(steps, currentStepIndex);
  65 |   const streak = useUserStreak();
> 66 |   const { user } = useUser();
     |           ^^^^
  67 |   const timeGradientId = useId();
  68 |   const { shortcutsOpen, setShortcutsOpen } = useKeyboardShortcuts();
  69 |

Ecmascript file had an error

Import trace:
  Server Component:
    ./components/StepLessonViewer.tsx
    ./app/course/[moduleId]/page.tsx @ http://localhost:3008/_next/static/chunks/node_modules_next_dist_1gdrd03._.js:1945
[  250077ms] [LOG] [Fast Refresh] rebuilding @ http://localhost:3008/_next/static/chunks/node_modules_next_dist_1gdrd03._.js:1226
[  253751ms] [ERROR] ./components/StepLessonViewer.tsx:66:11
the name `user` is defined multiple times
  64 |   const { remaining, total } = useModuleTimeRemaining(steps, currentStepIndex);
  65 |   const streak = useUserStreak();
> 66 |   const { user } = useUser();
     |           ^^^^
  67 |   const timeGradientId = useId();
  68 |   const { shortcutsOpen, setShortcutsOpen } = useKeyboardShortcuts();
  69 |

Ecmascript file had an error

Import trace:
  Server Component:
    ./components/StepLessonViewer.tsx
    ./app/course/[moduleId]/page.tsx @ http://localhost:3008/_next/static/chunks/node_modules_next_dist_1gdrd03._.js:1945
[  253786ms] [LOG] [Fast Refresh] rebuilding @ http://localhost:3008/_next/static/chunks/node_modules_next_dist_1gdrd03._.js:1226
[  261636ms] [LOG] [Fast Refresh] rebuilding @ http://localhost:3008/_next/static/chunks/node_modules_next_dist_1gdrd03._.js:1226
[  261734ms] [ERROR] Failed to load resource: the server responded with a status of 500 (Internal Server Error) @ http://localhost:3008/course/0:0
[  261760ms] [INFO] %cDownload the React DevTools for a better development experience: https://react.dev/link/react-devtools font-weight:bold @ http://localhost:3008/_next/static/chunks/node_modules_react-dom_0kla17-._.js:15305
[  261767ms] Error: ./components/StepLessonViewer.tsx:780:22
Expected '</', got 'jsx text'
  778 |             </motion.button>
  779 |           </div>
> 780 |         </motion.div>
      |                      ^^^^^^^^^^^^^^^^^^^^^^^^^^^^^^^^^^^^^^^^^^^^^^^^^^^^^^^^^^^^^^^^^^^^^^^^^^^^^^^^^^^^^^^^^^^^^^^^^^^^^^^^^^^^^^^^^^^^^^^^^
> 781 |         </div>
      | ^^^^^^^^
  782 |       </div>
  783 |
  784 |       {/* Keyboard Shortcuts Panel */}

Parsing ecmascript source code failed

Import trace:
  Server Component:
    ./components/StepLessonViewer.tsx
    ./app/course/[moduleId]/page.tsx


    at <unknown> (Error: ./components/StepLessonViewer.tsx:780:22)
    at Object.getCompilationErrors (file:///Users/admin/Charlie Foreman/My Projects/learn-to-vibe-code/node_modules/next/dist/server/dev/hot-reloader-turbopack.js:1186:59)
    at DevBundlerService.getCompilationError (file:///Users/admin/Charlie Foreman/My Projects/learn-to-vibe-code/node_modules/next/dist/server/lib/dev-bundler-service.js:44:55)
    at DevServer.getCompilationError (file:///Users/admin/Charlie Foreman/My Projects/learn-to-vibe-code/node_modules/next/dist/server/dev/next-dev-server.js:720:42)
    at DevServer.findPageComponents (file:///Users/admin/Charlie Foreman/My Projects/learn-to-vibe-code/node_modules/next/dist/server/dev/next-dev-server.js:690:43)
    at async DevServer.renderErrorToResponseImpl (file:///Users/admin/Charlie Foreman/My Projects/learn-to-vibe-code/node_modules/next/dist/server/base-server.js:1753:26)
[  261766ms] [LOG] [HMR] connected @ http://localhost:3008/_next/static/chunks/node_modules_next_dist_1gdrd03._.js:1226
[  261771ms] [ERROR] ./components/StepLessonViewer.tsx:780:22
Expected '</', got 'jsx text'
  778 |             </motion.button>
  779 |           </div>
> 780 |         </motion.div>
      |                      ^^^^^^^^^^^^^^^^^^^^^^^^^^^^^^^^^^^^^^^^^^^^^^^^^^^^^^^^^^^^^^^^^^^^^^^^^^^^^^^^^^^^^^^^^^^^^^^^^^^^^^^^^^^^^^^^^^^^^^^^^
> 781 |         </div>
      | ^^^^^^^^
  782 |       </div>
  783 |
  784 |       {/* Keyboard Shortcuts Panel */}

Parsing ecmascript source code failed

Import trace:
  Server Component:
    ./components/StepLessonViewer.tsx
    ./app/course/[moduleId]/page.tsx @ http://localhost:3008/_next/static/chunks/node_modules_next_dist_1gdrd03._.js:1945
[  261803ms] [ERROR] ./components/StepLessonViewer.tsx:780:22
Expected '</', got 'jsx text'
  778 |             </motion.button>
  779 |           </div>
> 780 |         </motion.div>
      |                      ^^^^^^^^^^^^^^^^^^^^^^^^^^^^^^^^^^^^^^^^^^^^^^^^^^^^^^^^^^^^^^^^^^^^^^^^^^^^^^^^^^^^^^^^^^^^^^^^^^^^^^^^^^^^^^^^^^^^^^^^^
> 781 |         </div>
      | ^^^^^^^^
  782 |       </div>
  783 |
  784 |       {/* Keyboard Shortcuts Panel */}

Parsing ecmascript source code failed

Import trace:
  Server Component:
    ./components/StepLessonViewer.tsx
    ./app/course/[moduleId]/page.tsx @ http://localhost:3008/_next/static/chunks/node_modules_next_dist_1gdrd03._.js:1945
[  262383ms] [LOG] [Fast Refresh] rebuilding @ http://localhost:3008/_next/static/chunks/node_modules_next_dist_1gdrd03._.js:1226
[  262395ms] [ERROR] ./components/StepLessonViewer.tsx:780:22
Expected '</', got 'jsx text'
  778 |             </motion.button>
  779 |           </div>
> 780 |         </motion.div>
      |                      ^^^^^^^^^^^^^^^^^^^^^^^^^^^^^^^^^^^^^^^^^^^^^^^^^^^^^^^^^^^^^^^^^^^^^^^^^^^^^^^^^^^^^^^^^^^^^^^^^^^^^^^^^^^^^^^^^^^^^^^^^
> 781 |         </div>
      | ^^^^^^^^
  782 |       </div>
  783 |
  784 |       {/* Keyboard Shortcuts Panel */}

Parsing ecmascript source code failed

Import trace:
  Server Component:
    ./components/StepLessonViewer.tsx
    ./app/course/[moduleId]/page.tsx @ http://localhost:3008/_next/static/chunks/node_modules_next_dist_1gdrd03._.js:1945
[  267286ms] [LOG] [Fast Refresh] rebuilding @ http://localhost:3008/_next/static/chunks/node_modules_next_dist_1gdrd03._.js:1226
[  267386ms] [ERROR] Failed to load resource: the server responded with a status of 500 (Internal Server Error) @ http://localhost:3008/course/0:0
[  267410ms] [INFO] %cDownload the React DevTools for a better development experience: https://react.dev/link/react-devtools font-weight:bold @ http://localhost:3008/_next/static/chunks/node_modules_react-dom_0kla17-._.js:15305
[  267420ms] Error: ./components/StepLessonViewer.tsx:66:11
the name `user` is defined multiple times
  64 |   const { remaining, total } = useModuleTimeRemaining(steps, currentStepIndex);
  65 |   const streak = useUserStreak();
> 66 |   const { user } = useUser();
     |           ^^^^
  67 |   const timeGradientId = useId();
  68 |   const { shortcutsOpen, setShortcutsOpen } = useKeyboardShortcuts();
  69 |

Ecmascript file had an error

Import trace:
  Server Component:
    ./components/StepLessonViewer.tsx
    ./app/course/[moduleId]/page.tsx


    at <unknown> (Error: ./components/StepLessonViewer.tsx:66:11)
    at Object.getCompilationErrors (file:///Users/admin/Charlie Foreman/My Projects/learn-to-vibe-code/node_modules/next/dist/server/dev/hot-reloader-turbopack.js:1186:59)
    at DevBundlerService.getCompilationError (file:///Users/admin/Charlie Foreman/My Projects/learn-to-vibe-code/node_modules/next/dist/server/lib/dev-bundler-service.js:44:55)
    at DevServer.getCompilationError (file:///Users/admin/Charlie Foreman/My Projects/learn-to-vibe-code/node_modules/next/dist/server/dev/next-dev-server.js:720:42)
    at DevServer.findPageComponents (file:///Users/admin/Charlie Foreman/My Projects/learn-to-vibe-code/node_modules/next/dist/server/dev/next-dev-server.js:690:43)
    at async DevServer.renderErrorToResponseImpl (file:///Users/admin/Charlie Foreman/My Projects/learn-to-vibe-code/node_modules/next/dist/server/base-server.js:1753:26)
[  267421ms] [LOG] [HMR] connected @ http://localhost:3008/_next/static/chunks/node_modules_next_dist_1gdrd03._.js:1226
[  267423ms] [ERROR] ./components/StepLessonViewer.tsx:66:11
the name `user` is defined multiple times
  64 |   const { remaining, total } = useModuleTimeRemaining(steps, currentStepIndex);
  65 |   const streak = useUserStreak();
> 66 |   const { user } = useUser();
     |           ^^^^
  67 |   const timeGradientId = useId();
  68 |   const { shortcutsOpen, setShortcutsOpen } = useKeyboardShortcuts();
  69 |

Ecmascript file had an error

Import trace:
  Server Component:
    ./components/StepLessonViewer.tsx
    ./app/course/[moduleId]/page.tsx @ http://localhost:3008/_next/static/chunks/node_modules_next_dist_1gdrd03._.js:1945
[  267473ms] [ERROR] ./components/StepLessonViewer.tsx:66:11
the name `user` is defined multiple times
  64 |   const { remaining, total } = useModuleTimeRemaining(steps, currentStepIndex);
  65 |   const streak = useUserStreak();
> 66 |   const { user } = useUser();
     |           ^^^^
  67 |   const timeGradientId = useId();
  68 |   const { shortcutsOpen, setShortcutsOpen } = useKeyboardShortcuts();
  69 |

Ecmascript file had an error

Import trace:
  Server Component:
    ./components/StepLessonViewer.tsx
    ./app/course/[moduleId]/page.tsx @ http://localhost:3008/_next/static/chunks/node_modules_next_dist_1gdrd03._.js:1945
[  268010ms] [ERROR] ./components/StepLessonViewer.tsx:66:11
the name `user` is defined multiple times
  64 |   const { remaining, total } = useModuleTimeRemaining(steps, currentStepIndex);
  65 |   const streak = useUserStreak();
> 66 |   const { user } = useUser();
     |           ^^^^
  67 |   const timeGradientId = useId();
  68 |   const { shortcutsOpen, setShortcutsOpen } = useKeyboardShortcuts();
  69 |

Ecmascript file had an error

Import trace:
  Server Component:
    ./components/StepLessonViewer.tsx
    ./app/course/[moduleId]/page.tsx @ http://localhost:3008/_next/static/chunks/node_modules_next_dist_1gdrd03._.js:1945
[  268048ms] [LOG] [Fast Refresh] rebuilding @ http://localhost:3008/_next/static/chunks/node_modules_next_dist_1gdrd03._.js:1226
[  271781ms] [LOG] [Fast Refresh] rebuilding @ http://localhost:3008/_next/static/chunks/node_modules_next_dist_1gdrd03._.js:1226
[  271911ms] [ERROR] ./components/StepLessonViewer.tsx:67:11
the name `user` is defined multiple times
  65 |   const { remaining, total } = useModuleTimeRemaining(steps, currentStepIndex);
  66 |   const streak = useUserStreak();
> 67 |   const { user } = useUser();
     |           ^^^^
  68 |   const timeGradientId = useId();
  69 |   const { shortcutsOpen, setShortcutsOpen } = useKeyboardShortcuts();
  70 |

Ecmascript file had an error

Import trace:
  Server Component:
    ./components/StepLessonViewer.tsx
    ./app/course/[moduleId]/page.tsx @ http://localhost:3008/_next/static/chunks/node_modules_next_dist_1gdrd03._.js:1945
[  272004ms] [ERROR] ./components/StepLessonViewer.tsx:67:11
the name `user` is defined multiple times
  65 |   const { remaining, total } = useModuleTimeRemaining(steps, currentStepIndex);
  66 |   const streak = useUserStreak();
> 67 |   const { user } = useUser();
     |           ^^^^
  68 |   const timeGradientId = useId();
  69 |   const { shortcutsOpen, setShortcutsOpen } = useKeyboardShortcuts();
  70 |

Ecmascript file had an error

Import trace:
  Server Component:
    ./components/StepLessonViewer.tsx
    ./app/course/[moduleId]/page.tsx @ http://localhost:3008/_next/static/chunks/node_modules_next_dist_1gdrd03._.js:1945
[  272032ms] [ERROR] Failed to load resource: the server responded with a status of 500 (Internal Server Error) @ http://localhost:3008/course/0:0
[  272045ms] [INFO] %cDownload the React DevTools for a better development experience: https://react.dev/link/react-devtools font-weight:bold @ http://localhost:3008/_next/static/chunks/node_modules_react-dom_0kla17-._.js:15305
[  272054ms] Error: ./components/StepLessonViewer.tsx:67:11
the name `user` is defined multiple times
  65 |   const { remaining, total } = useModuleTimeRemaining(steps, currentStepIndex);
  66 |   const streak = useUserStreak();
> 67 |   const { user } = useUser();
     |           ^^^^
  68 |   const timeGradientId = useId();
  69 |   const { shortcutsOpen, setShortcutsOpen } = useKeyboardShortcuts();
  70 |

Ecmascript file had an error

Import trace:
  Server Component:
    ./components/StepLessonViewer.tsx
    ./app/course/[moduleId]/page.tsx


    at <unknown> (Error: ./components/StepLessonViewer.tsx:67:11)
    at Object.getCompilationErrors (file:///Users/admin/Charlie Foreman/My Projects/learn-to-vibe-code/node_modules/next/dist/server/dev/hot-reloader-turbopack.js:1186:59)
    at DevBundlerService.getCompilationError (file:///Users/admin/Charlie Foreman/My Projects/learn-to-vibe-code/node_modules/next/dist/server/lib/dev-bundler-service.js:44:55)
    at DevServer.getCompilationError (file:///Users/admin/Charlie Foreman/My Projects/learn-to-vibe-code/node_modules/next/dist/server/dev/next-dev-server.js:720:42)
    at DevServer.findPageComponents (file:///Users/admin/Charlie Foreman/My Projects/learn-to-vibe-code/node_modules/next/dist/server/dev/next-dev-server.js:690:43)
    at async DevServer.renderErrorToResponseImpl (file:///Users/admin/Charlie Foreman/My Projects/learn-to-vibe-code/node_modules/next/dist/server/base-server.js:1753:26)
[  272053ms] [LOG] [HMR] connected @ http://localhost:3008/_next/static/chunks/node_modules_next_dist_1gdrd03._.js:1226
[  272056ms] [ERROR] ./components/StepLessonViewer.tsx:67:11
the name `user` is defined multiple times
  65 |   const { remaining, total } = useModuleTimeRemaining(steps, currentStepIndex);
  66 |   const streak = useUserStreak();
> 67 |   const { user } = useUser();
     |           ^^^^
  68 |   const timeGradientId = useId();
  69 |   const { shortcutsOpen, setShortcutsOpen } = useKeyboardShortcuts();
  70 |

Ecmascript file had an error

Import trace:
  Server Component:
    ./components/StepLessonViewer.tsx
    ./app/course/[moduleId]/page.tsx @ http://localhost:3008/_next/static/chunks/node_modules_next_dist_1gdrd03._.js:1945
[  272088ms] [ERROR] ./components/StepLessonViewer.tsx:67:11
the name `user` is defined multiple times
  65 |   const { remaining, total } = useModuleTimeRemaining(steps, currentStepIndex);
  66 |   const streak = useUserStreak();
> 67 |   const { user } = useUser();
     |           ^^^^
  68 |   const timeGradientId = useId();
  69 |   const { shortcutsOpen, setShortcutsOpen } = useKeyboardShortcuts();
  70 |

Ecmascript file had an error

Import trace:
  Server Component:
    ./components/StepLessonViewer.tsx
    ./app/course/[moduleId]/page.tsx @ http://localhost:3008/_next/static/chunks/node_modules_next_dist_1gdrd03._.js:1945
[  272156ms] [LOG] [Fast Refresh] rebuilding @ http://localhost:3008/_next/static/chunks/node_modules_next_dist_1gdrd03._.js:1226
[  272538ms] [ERROR] ./components/StepLessonViewer.tsx:67:11
the name `user` is defined multiple times
  65 |   const { remaining, total } = useModuleTimeRemaining(steps, currentStepIndex);
  66 |   const streak = useUserStreak();
> 67 |   const { user } = useUser();
     |           ^^^^
  68 |   const timeGradientId = useId();
  69 |   const { shortcutsOpen, setShortcutsOpen } = useKeyboardShortcuts();
  70 |

Ecmascript file had an error

Import trace:
  Server Component:
    ./components/StepLessonViewer.tsx
    ./app/course/[moduleId]/page.tsx @ http://localhost:3008/_next/static/chunks/node_modules_next_dist_1gdrd03._.js:1945
[  272578ms] [LOG] [Fast Refresh] rebuilding @ http://localhost:3008/_next/static/chunks/node_modules_next_dist_1gdrd03._.js:1226
