[     122ms] [INFO] %cDownload the React DevTools for a better development experience: https://react.dev/link/react-devtools font-weight:bold @ http://localhost:3008/_next/static/chunks/node_modules_next_dist_1ybzpk2._.js:2477
[     198ms] [LOG] [HMR] connected @ http://localhost:3008/_next/static/chunks/node_modules_next_dist_1ybzpk2._.js:2477
[   12181ms] [ERROR] WebSocket connection to 'ws://localhost:3008/_next/webpack-hmr?id=Pu3IOLWdUbxGEM7GzSqKO' failed: Error in connection establishment: net::ERR_CONNECTION_REFUSED @ http://localhost:3008/_next/static/chunks/node_modules_next_dist_client_0r5nbpw._.js:13422
[   13183ms] [ERROR] WebSocket connection to 'ws://localhost:3008/_next/webpack-hmr?id=Pu3IOLWdUbxGEM7GzSqKO' failed: Error in connection establishment: net::ERR_CONNECTION_REFUSED @ http://localhost:3008/_next/static/chunks/node_modules_next_dist_client_0r5nbpw._.js:13422
[   14185ms] [ERROR] WebSocket connection to 'ws://localhost:3008/_next/webpack-hmr?id=Pu3IOLWdUbxGEM7GzSqKO' failed: Error in connection establishment: net::ERR_CONNECTION_REFUSED @ http://localhost:3008/_next/static/chunks/node_modules_next_dist_client_0r5nbpw._.js:13422
[   15188ms] [ERROR] WebSocket connection to 'ws://localhost:3008/_next/webpack-hmr?id=Pu3IOLWdUbxGEM7GzSqKO' failed: Error in connection establishment: net::ERR_CONNECTION_REFUSED @ http://localhost:3008/_next/static/chunks/node_modules_next_dist_client_0r5nbpw._.js:13422
[   16189ms] [ERROR] WebSocket connection to 'ws://localhost:3008/_next/webpack-hmr?id=Pu3IOLWdUbxGEM7GzSqKO' failed: Error in connection establishment: net::ERR_CONNECTION_REFUSED @ http://localhost:3008/_next/static/chunks/node_modules_next_dist_client_0r5nbpw._.js:13422
[   21191ms] [ERROR] WebSocket connection to 'ws://localhost:3008/_next/webpack-hmr?id=Pu3IOLWdUbxGEM7GzSqKO' failed: Error in connection establishment: net::ERR_CONNECTION_REFUSED @ http://localhost:3008/_next/static/chunks/node_modules_next_dist_client_0r5nbpw._.js:13422
[   26196ms] [LOG] [HMR] connected @ http://localhost:3008/_next/static/chunks/node_modules_next_dist_1ybzpk2._.js:2477
[   26724ms] [INFO] %cDownload the React DevTools for a better development experience: https://react.dev/link/react-devtools font-weight:bold @ http://localhost:3008/_next/static/chunks/node_modules_next_dist_1ybzpk2._.js:2477
[   26775ms] [LOG] [HMR] connected @ http://localhost:3008/_next/static/chunks/node_modules_next_dist_1ybzpk2._.js:2477
[   36838ms] [LOG] [Fast Refresh] rebuilding @ http://localhost:3008/_next/static/chunks/node_modules_next_dist_1ybzpk2._.js:2477
[   36841ms] [LOG] [Fast Refresh] done in 103ms @ http://localhost:3008/_next/static/chunks/node_modules_next_dist_1ybzpk2._.js:2477
[   39013ms] [LOG] [Fast Refresh] rebuilding @ http://localhost:3008/_next/static/chunks/node_modules_next_dist_1ybzpk2._.js:2477
[   39061ms] [LOG] [Fast Refresh] done in 149ms @ http://localhost:3008/_next/static/chunks/node_modules_next_dist_1ybzpk2._.js:2477
[  139335ms] [LOG] [Fast Refresh] rebuilding @ http://localhost:3008/_next/static/chunks/node_modules_next_dist_1ybzpk2._.js:2477
[  139411ms] [LOG] [Fast Refresh] done in 151ms @ http://localhost:3008/_next/static/chunks/node_modules_next_dist_1ybzpk2._.js:2477
[  148161ms] [LOG] [Fast Refresh] rebuilding @ http://localhost:3008/_next/static/chunks/node_modules_next_dist_1ybzpk2._.js:2477
[  148245ms] [LOG] [Fast Refresh] done in 50ms @ http://localhost:3008/_next/static/chunks/node_modules_next_dist_1ybzpk2._.js:2477
[  152951ms] [LOG] [Fast Refresh] rebuilding @ http://localhost:3008/_next/static/chunks/node_modules_next_dist_1ybzpk2._.js:2477
[  152979ms] [LOG] [Fast Refresh] done in 15ms @ http://localhost:3008/_next/static/chunks/node_modules_next_dist_1ybzpk2._.js:2477
[  160846ms] [LOG] [Fast Refresh] rebuilding @ http://localhost:3008/_next/static/chunks/node_modules_next_dist_1ybzpk2._.js:2477
[  160872ms] [LOG] [Fast Refresh] done in 44ms @ http://localhost:3008/_next/static/chunks/node_modules_next_dist_1ybzpk2._.js:2477
[  165401ms] [LOG] [Fast Refresh] rebuilding @ http://localhost:3008/_next/static/chunks/node_modules_next_dist_1ybzpk2._.js:2477
[  165429ms] [LOG] [Fast Refresh] done in 38ms @ http://localhost:3008/_next/static/chunks/node_modules_next_dist_1ybzpk2._.js:2477
[  177303ms] [LOG] [Fast Refresh] rebuilding @ http://localhost:3008/_next/static/chunks/node_modules_next_dist_1ybzpk2._.js:2477
[  177331ms] [LOG] [Fast Refresh] done in 39ms @ http://localhost:3008/_next/static/chunks/node_modules_next_dist_1ybzpk2._.js:2477
[  193102ms] [ERROR] WebSocket connection to 'ws://localhost:3008/_next/webpack-hmr?id=EnyXoPZrtlVP7crQES3MG' failed: Error in connection establishment: net::ERR_CONNECTION_REFUSED @ http://localhost:3008/_next/static/chunks/node_modules_next_dist_client_0r5nbpw._.js:13422
[  194386ms] [LOG] [HMR] connected @ http://localhost:3008/_next/static/chunks/node_modules_next_dist_1ybzpk2._.js:2477
[  194932ms] [INFO] %cDownload the React DevTools for a better development experience: https://react.dev/link/react-devtools font-weight:bold @ http://localhost:3008/_next/static/chunks/node_modules_next_dist_1ybzpk2._.js:2477
[  194948ms] [LOG] [HMR] connected @ http://localhost:3008/_next/static/chunks/node_modules_next_dist_1ybzpk2._.js:2477
[  205846ms] [LOG] [Fast Refresh] rebuilding @ http://localhost:3008/_next/static/chunks/node_modules_next_dist_1ybzpk2._.js:2477
[  206290ms] [LOG] [Fast Refresh] done in 521ms @ http://localhost:3008/_next/static/chunks/node_modules_next_dist_1ybzpk2._.js:2477
[  211254ms] [LOG] [Fast Refresh] rebuilding @ http://localhost:3008/_next/static/chunks/node_modules_next_dist_1ybzpk2._.js:2477
[  211272ms] [LOG] [Fast Refresh] done in 119ms @ http://localhost:3008/_next/static/chunks/node_modules_next_dist_1ybzpk2._.js:2477
[  211953ms] [LOG] [Fast Refresh] rebuilding @ http://localhost:3008/_next/static/chunks/node_modules_next_dist_1ybzpk2._.js:2477
[  212045ms] [LOG] [Fast Refresh] done in 193ms @ http://localhost:3008/_next/static/chunks/node_modules_next_dist_1ybzpk2._.js:2477
[  212764ms] [LOG] [Fast Refresh] rebuilding @ http://localhost:3008/_next/static/chunks/node_modules_next_dist_1ybzpk2._.js:2477
[  212778ms] [LOG] [Fast Refresh] done in 116ms @ http://localhost:3008/_next/static/chunks/node_modules_next_dist_1ybzpk2._.js:2477
[  267628ms] [LOG] [Fast Refresh] rebuilding @ http://localhost:3008/_next/static/chunks/node_modules_next_dist_1ybzpk2._.js:2477
[  267728ms] [LOG] [Fast Refresh] done in 174ms @ http://localhost:3008/_next/static/chunks/node_modules_next_dist_1ybzpk2._.js:2477
[  271508ms] [LOG] [Fast Refresh] rebuilding @ http://localhost:3008/_next/static/chunks/node_modules_next_dist_1ybzpk2._.js:2477
[  271562ms] [LOG] [Fast Refresh] done in 133ms @ http://localhost:3008/_next/static/chunks/node_modules_next_dist_1ybzpk2._.js:2477
[  279238ms] [LOG] [Fast Refresh] rebuilding @ http://localhost:3008/_next/static/chunks/node_modules_next_dist_1ybzpk2._.js:2477
[  279337ms] [LOG] [Fast Refresh] done in 199ms @ http://localhost:3008/_next/static/chunks/node_modules_next_dist_1ybzpk2._.js:2477
[  300419ms] [ERROR] WebSocket connection to 'ws://localhost:3008/_next/webpack-hmr?id=LFguHGnGThfnLoo05blvd' failed: Error in connection establishment: net::ERR_CONNECTION_REFUSED @ http://localhost:3008/_next/static/chunks/node_modules_next_dist_client_0r5nbpw._.js:13422
[  301650ms] [LOG] [HMR] connected @ http://localhost:3008/_next/static/chunks/node_modules_next_dist_1ybzpk2._.js:2477
[  302187ms] [INFO] %cDownload the React DevTools for a better development experience: https://react.dev/link/react-devtools font-weight:bold @ http://localhost:3008/_next/static/chunks/node_modules_next_dist_1ybzpk2._.js:2477
[  302219ms] [LOG] [HMR] connected @ http://localhost:3008/_next/static/chunks/node_modules_next_dist_1ybzpk2._.js:2477
[  308991ms] [LOG] [Fast Refresh] rebuilding @ http://localhost:3008/_next/static/chunks/node_modules_next_dist_1ybzpk2._.js:2477
[  309244ms] [LOG] [Fast Refresh] done in 355ms @ http://localhost:3008/_next/static/chunks/node_modules_next_dist_1ybzpk2._.js:2477
[  457302ms] [LOG] [Fast Refresh] rebuilding @ http://localhost:3008/_next/static/chunks/node_modules_next_dist_1ybzpk2._.js:2477
[  457344ms] ReferenceError: violetVideoRef is not defined
    at VideoBackground (http://localhost:3008/_next/static/chunks/_1i9zcx8._.js?id=%255Bproject%255D%252Fcomponents%252Fkids-landing%252FVideoBackground.tsx+%255Bapp-client%255D+%2528ecmascript%2529:57:22)
    at Object.react_stack_bottom_frame (http://localhost:3008/_next/static/chunks/node_modules_next_dist_compiled_react-dom_096_9a-._.js:15037:24)
    at renderWithHooks (http://localhost:3008/_next/static/chunks/node_modules_next_dist_compiled_react-dom_096_9a-._.js:4620:24)
    at updateFunctionComponent (http://localhost:3008/_next/static/chunks/node_modules_next_dist_compiled_react-dom_096_9a-._.js:6081:21)
    at beginWork (http://localhost:3008/_next/static/chunks/node_modules_next_dist_compiled_react-dom_096_9a-._.js:6691:24)
    at runWithFiberInDEV (http://localhost:3008/_next/static/chunks/node_modules_next_dist_compiled_react-dom_096_9a-._.js:965:74)
    at performUnitOfWork (http://localhost:3008/_next/static/chunks/node_modules_next_dist_compiled_react-dom_096_9a-._.js:9555:97)
    at workLoopSync (http://localhost:3008/_next/static/chunks/node_modules_next_dist_compiled_react-dom_096_9a-._.js:9449:40)
    at renderRootSync (http://localhost:3008/_next/static/chunks/node_modules_next_dist_compiled_react-dom_096_9a-._.js:9433:13)
    at performWorkOnRoot (http://localhost:3008/_next/static/chunks/node_modules_next_dist_compiled_react-dom_096_9a-._.js:9098:47)
    at performSyncWorkOnRoot (http://localhost:3008/_next/static/chunks/node_modules_next_dist_compiled_react-dom_096_9a-._.js:10263:9)
    at flushSyncWorkAcrossRoots_impl (http://localhost:3008/_next/static/chunks/node_modules_next_dist_compiled_react-dom_096_9a-._.js:10179:316)
    at flushSyncWork$1 (http://localhost:3008/_next/static/chunks/node_modules_next_dist_compiled_react-dom_096_9a-._.js:9230:86)
    at Object.scheduleRefresh (http://localhost:3008/_next/static/chunks/node_modules_next_dist_compiled_react-dom_096_9a-._.js:299:13)
    at http://localhost:3008/_next/static/chunks/node_modules_next_dist_compiled_1amofcm._.js:391:33
    at Set.forEach (<anonymous>)
    at Object.performReactRefresh (http://localhost:3008/_next/static/chunks/node_modules_next_dist_compiled_1amofcm._.js:384:38)
    at applyUpdate (http://localhost:3008/_next/static/chunks/node_modules_next_dist_compiled_1amofcm._.js:878:31)
    at http://localhost:3008/_next/static/chunks/node_modules_next_dist_compiled_1amofcm._.js:886:13
[  457349ms] [LOG] [Fast Refresh] done in 84ms @ http://localhost:3008/_next/static/chunks/node_modules_next_dist_1ybzpk2._.js:2477
[  462271ms] [LOG] [Fast Refresh] rebuilding @ http://localhost:3008/_next/static/chunks/node_modules_next_dist_1ybzpk2._.js:2477
[  462393ms] [WARNING] [Fast Refresh] performing full reload because your application had an unrecoverable error @ http://localhost:3008/_next/static/chunks/node_modules_next_dist_1ybzpk2._.js:2477
[  462472ms] [LOG] [Fast Refresh] done in 223ms @ http://localhost:3008/_next/static/chunks/node_modules_next_dist_1ybzpk2._.js:2477
[  462657ms] [INFO] %cDownload the React DevTools for a better development experience: https://react.dev/link/react-devtools font-weight:bold @ http://localhost:3008/_next/static/chunks/node_modules_next_dist_1ybzpk2._.js:2477
[  462672ms] [LOG] [HMR] connected @ http://localhost:3008/_next/static/chunks/node_modules_next_dist_1ybzpk2._.js:2477
[  474776ms] [LOG] [Fast Refresh] rebuilding @ http://localhost:3008/_next/static/chunks/node_modules_next_dist_1ybzpk2._.js:2477
[  474805ms] [LOG] [Fast Refresh] done in 101ms @ http://localhost:3008/_next/static/chunks/node_modules_next_dist_1ybzpk2._.js:2477
[  480640ms] [LOG] [Fast Refresh] rebuilding @ http://localhost:3008/_next/static/chunks/node_modules_next_dist_1ybzpk2._.js:2477
[  480671ms] [LOG] [Fast Refresh] done in 65ms @ http://localhost:3008/_next/static/chunks/node_modules_next_dist_1ybzpk2._.js:2477
[  486245ms] [LOG] [Fast Refresh] rebuilding @ http://localhost:3008/_next/static/chunks/node_modules_next_dist_1ybzpk2._.js:2477
[  486273ms] [LOG] [Fast Refresh] done in 59ms @ http://localhost:3008/_next/static/chunks/node_modules_next_dist_1ybzpk2._.js:2477
[  490760ms] [LOG] [Fast Refresh] rebuilding @ http://localhost:3008/_next/static/chunks/node_modules_next_dist_1ybzpk2._.js:2477
[  490789ms] [LOG] [Fast Refresh] done in 73ms @ http://localhost:3008/_next/static/chunks/node_modules_next_dist_1ybzpk2._.js:2477
[  491071ms] ReferenceError: SoundToggle is not defined
    at KidsLandingPageContent (http://localhost:3008/_next/static/chunks/_0sarjfh._.js?id=%255Bproject%255D%252Fapp%252Flanding-kids%252Fpage-content.tsx+%255Bapp-client%255D+%2528ecmascript%2529:44:216)
    at Object.react_stack_bottom_frame (http://localhost:3008/_next/static/chunks/node_modules_next_dist_compiled_react-dom_096_9a-._.js:15037:24)
    at renderWithHooks (http://localhost:3008/_next/static/chunks/node_modules_next_dist_compiled_react-dom_096_9a-._.js:4620:24)
    at updateFunctionComponent (http://localhost:3008/_next/static/chunks/node_modules_next_dist_compiled_react-dom_096_9a-._.js:6081:21)
    at beginWork (http://localhost:3008/_next/static/chunks/node_modules_next_dist_compiled_react-dom_096_9a-._.js:6691:24)
    at runWithFiberInDEV (http://localhost:3008/_next/static/chunks/node_modules_next_dist_compiled_react-dom_096_9a-._.js:965:74)
    at performUnitOfWork (http://localhost:3008/_next/static/chunks/node_modules_next_dist_compiled_react-dom_096_9a-._.js:9555:97)
    at workLoopSync (http://localhost:3008/_next/static/chunks/node_modules_next_dist_compiled_react-dom_096_9a-._.js:9449:40)
    at renderRootSync (http://localhost:3008/_next/static/chunks/node_modules_next_dist_compiled_react-dom_096_9a-._.js:9433:13)
    at performWorkOnRoot (http://localhost:3008/_next/static/chunks/node_modules_next_dist_compiled_react-dom_096_9a-._.js:9098:47)
    at performWorkOnRootViaSchedulerTask (http://localhost:3008/_next/static/chunks/node_modules_next_dist_compiled_react-dom_096_9a-._.js:10255:9)
    at MessagePort.performWorkUntilDeadline (http://localhost:3008/_next/static/chunks/node_modules_next_dist_compiled_1amofcm._.js:2647:64)
[  493792ms] [LOG] [Fast Refresh] rebuilding @ http://localhost:3008/_next/static/chunks/node_modules_next_dist_1ybzpk2._.js:2477
[  493793ms] [WARNING] [Fast Refresh] performing full reload because your application had an unrecoverable error @ http://localhost:3008/_next/static/chunks/node_modules_next_dist_1ybzpk2._.js:2477
[  493845ms] [LOG] [Fast Refresh] done in 40ms @ http://localhost:3008/_next/static/chunks/node_modules_next_dist_1ybzpk2._.js:2477
[  494002ms] [INFO] %cDownload the React DevTools for a better development experience: https://react.dev/link/react-devtools font-weight:bold @ http://localhost:3008/_next/static/chunks/node_modules_next_dist_1ybzpk2._.js:2477
[  494017ms] [LOG] [HMR] connected @ http://localhost:3008/_next/static/chunks/node_modules_next_dist_1ybzpk2._.js:2477
