[     498ms] [INFO] %cDownload the React DevTools for a better development experience: https://react.dev/link/react-devtools font-weight:bold @ http://localhost:3008/_next/static/chunks/node_modules_next_dist_1ybzpk2._.js:2477
[     577ms] [LOG] [HMR] connected @ http://localhost:3008/_next/static/chunks/node_modules_next_dist_1ybzpk2._.js:2477
[     726ms] [LOG] [Fast Refresh] rebuilding @ http://localhost:3008/_next/static/chunks/node_modules_next_dist_1ybzpk2._.js:2477
[     728ms] [LOG] [Fast Refresh] done in 104ms @ http://localhost:3008/_next/static/chunks/node_modules_next_dist_1ybzpk2._.js:2477
[  469038ms] [LOG] [Fast Refresh] rebuilding @ http://localhost:3008/_next/static/chunks/node_modules_next_dist_1ybzpk2._.js:2477
[  469067ms] [LOG] [Fast Refresh] done in 24ms @ http://localhost:3008/_next/static/chunks/node_modules_next_dist_1ybzpk2._.js:2477
[  480232ms] [LOG] [Fast Refresh] rebuilding @ http://localhost:3008/_next/static/chunks/node_modules_next_dist_1ybzpk2._.js:2477
[  480314ms] [LOG] [Fast Refresh] done in 20ms @ http://localhost:3008/_next/static/chunks/node_modules_next_dist_1ybzpk2._.js:2477
[  495642ms] [LOG] [Fast Refresh] rebuilding @ http://localhost:3008/_next/static/chunks/node_modules_next_dist_1ybzpk2._.js:2477
[  495730ms] [LOG] [Fast Refresh] done in 21ms @ http://localhost:3008/_next/static/chunks/node_modules_next_dist_1ybzpk2._.js:2477
[  505400ms] [ERROR] WebSocket connection to 'ws://localhost:3008/_next/webpack-hmr?id=xDyCbub1QXKI2UMWQVgAj' failed:  @ http://localhost:3008/_next/static/chunks/node_modules_next_dist_client_0r5nbpw._.js:13422
[  506407ms] [ERROR] WebSocket connection to 'ws://localhost:3008/_next/webpack-hmr?id=xDyCbub1QXKI2UMWQVgAj' failed: Error in connection establishment: net::ERR_CONNECTION_REFUSED @ http://localhost:3008/_next/static/chunks/node_modules_next_dist_client_0r5nbpw._.js:13422
[  507409ms] [ERROR] WebSocket connection to 'ws://localhost:3008/_next/webpack-hmr?id=xDyCbub1QXKI2UMWQVgAj' failed: Error in connection establishment: net::ERR_CONNECTION_REFUSED @ http://localhost:3008/_next/static/chunks/node_modules_next_dist_client_0r5nbpw._.js:13422
[  508410ms] [ERROR] WebSocket connection to 'ws://localhost:3008/_next/webpack-hmr?id=xDyCbub1QXKI2UMWQVgAj' failed: Error in connection establishment: net::ERR_CONNECTION_REFUSED @ http://localhost:3008/_next/static/chunks/node_modules_next_dist_client_0r5nbpw._.js:13422
[  509413ms] [ERROR] WebSocket connection to 'ws://localhost:3008/_next/webpack-hmr?id=xDyCbub1QXKI2UMWQVgAj' failed: Error in connection establishment: net::ERR_CONNECTION_REFUSED @ http://localhost:3008/_next/static/chunks/node_modules_next_dist_client_0r5nbpw._.js:13422
[  510417ms] [ERROR] WebSocket connection to 'ws://localhost:3008/_next/webpack-hmr?id=xDyCbub1QXKI2UMWQVgAj' failed: Error in connection establishment: net::ERR_CONNECTION_REFUSED @ http://localhost:3008/_next/static/chunks/node_modules_next_dist_client_0r5nbpw._.js:13422
[  515537ms] [LOG] [HMR] connected @ http://localhost:3008/_next/static/chunks/node_modules_next_dist_1ybzpk2._.js:2477
[  516401ms] [INFO] %cDownload the React DevTools for a better development experience: https://react.dev/link/react-devtools font-weight:bold @ http://localhost:3008/_next/static/chunks/node_modules_next_dist_1ybzpk2._.js:2477
[  516421ms] [LOG] [HMR] connected @ http://localhost:3008/_next/static/chunks/node_modules_next_dist_1ybzpk2._.js:2477
[  523965ms] [LOG] [Fast Refresh] rebuilding @ http://localhost:3008/_next/static/chunks/node_modules_next_dist_1ybzpk2._.js:2477
[  523978ms] [LOG] [Fast Refresh] done in 115ms @ http://localhost:3008/_next/static/chunks/node_modules_next_dist_1ybzpk2._.js:2477
[  565466ms] [ERROR] WebSocket connection to 'ws://localhost:3008/_next/webpack-hmr?id=Z_hzBb0nbOcu64BotYcBx' failed:  @ http://localhost:3008/_next/static/chunks/node_modules_next_dist_client_0r5nbpw._.js:13422
[  566471ms] [ERROR] WebSocket connection to 'ws://localhost:3008/_next/webpack-hmr?id=Z_hzBb0nbOcu64BotYcBx' failed: Error in connection establishment: net::ERR_CONNECTION_REFUSED @ http://localhost:3008/_next/static/chunks/node_modules_next_dist_client_0r5nbpw._.js:13422
[  567474ms] [ERROR] WebSocket connection to 'ws://localhost:3008/_next/webpack-hmr?id=Z_hzBb0nbOcu64BotYcBx' failed: Error in connection establishment: net::ERR_CONNECTION_REFUSED @ http://localhost:3008/_next/static/chunks/node_modules_next_dist_client_0r5nbpw._.js:13422
[  568477ms] [ERROR] WebSocket connection to 'ws://localhost:3008/_next/webpack-hmr?id=Z_hzBb0nbOcu64BotYcBx' failed: Error in connection establishment: net::ERR_CONNECTION_REFUSED @ http://localhost:3008/_next/static/chunks/node_modules_next_dist_client_0r5nbpw._.js:13422
[  569479ms] [ERROR] WebSocket connection to 'ws://localhost:3008/_next/webpack-hmr?id=Z_hzBb0nbOcu64BotYcBx' failed: Error in connection establishment: net::ERR_CONNECTION_REFUSED @ http://localhost:3008/_next/static/chunks/node_modules_next_dist_client_0r5nbpw._.js:13422
[  570483ms] [ERROR] WebSocket connection to 'ws://localhost:3008/_next/webpack-hmr?id=Z_hzBb0nbOcu64BotYcBx' failed: Error in connection establishment: net::ERR_CONNECTION_REFUSED @ http://localhost:3008/_next/static/chunks/node_modules_next_dist_client_0r5nbpw._.js:13422
[  575490ms] [ERROR] WebSocket connection to 'ws://localhost:3008/_next/webpack-hmr?id=Z_hzBb0nbOcu64BotYcBx' failed: Error in connection establishment: net::ERR_CONNECTION_REFUSED @ http://localhost:3008/_next/static/chunks/node_modules_next_dist_client_0r5nbpw._.js:13422
[  580503ms] [ERROR] WebSocket connection to 'ws://localhost:3008/_next/webpack-hmr?id=Z_hzBb0nbOcu64BotYcBx' failed: Error in connection establishment: net::ERR_CONNECTION_REFUSED @ http://localhost:3008/_next/static/chunks/node_modules_next_dist_client_0r5nbpw._.js:13422
[  585516ms] [ERROR] WebSocket connection to 'ws://localhost:3008/_next/webpack-hmr?id=Z_hzBb0nbOcu64BotYcBx' failed: Error in connection establishment: net::ERR_CONNECTION_REFUSED @ http://localhost:3008/_next/static/chunks/node_modules_next_dist_client_0r5nbpw._.js:13422
[  590531ms] [ERROR] WebSocket connection to 'ws://localhost:3008/_next/webpack-hmr?id=Z_hzBb0nbOcu64BotYcBx' failed: Error in connection establishment: net::ERR_CONNECTION_REFUSED @ http://localhost:3008/_next/static/chunks/node_modules_next_dist_client_0r5nbpw._.js:13422
[  595552ms] [ERROR] WebSocket connection to 'ws://localhost:3008/_next/webpack-hmr?id=Z_hzBb0nbOcu64BotYcBx' failed: Error in connection establishment: net::ERR_CONNECTION_REFUSED @ http://localhost:3008/_next/static/chunks/node_modules_next_dist_client_0r5nbpw._.js:13422
[  600619ms] [ERROR] WebSocket connection to 'ws://localhost:3008/_next/webpack-hmr?id=Z_hzBb0nbOcu64BotYcBx' failed: Error in connection establishment: net::ERR_CONNECTION_REFUSED @ http://localhost:3008/_next/static/chunks/node_modules_next_dist_client_0r5nbpw._.js:13422
[  605830ms] [ERROR] WebSocket connection to 'ws://localhost:3008/_next/webpack-hmr?id=Z_hzBb0nbOcu64BotYcBx' failed: Error in connection establishment: net::ERR_CONNECTION_REFUSED @ http://localhost:3008/_next/static/chunks/node_modules_next_dist_client_0r5nbpw._.js:13422
