[     130ms] [INFO] %cDownload the React DevTools for a better development experience: https://react.dev/link/react-devtools font-weight:bold @ http://localhost:3008/_next/static/chunks/node_modules_next_dist_1ybzpk2._.js:2477
[     140ms] [LOG] [HMR] connected @ http://localhost:3008/_next/static/chunks/node_modules_next_dist_1ybzpk2._.js:2477
[     265ms] [LOG] [Fast Refresh] rebuilding @ http://localhost:3008/_next/static/chunks/node_modules_next_dist_1ybzpk2._.js:2477
[     287ms] [LOG] [Fast Refresh] done in 122ms @ http://localhost:3008/_next/static/chunks/node_modules_next_dist_1ybzpk2._.js:2477
[     331ms] [WARNING] You are trying to animate strokeDashoffset from "undefined" to "534.0707511102648". "undefined" is not an animatable value.. For more information and steps for solving, visit https://motion.dev/troubleshooting/value-not-animatable @ http://localhost:3008/_next/static/chunks/node_modules_next_dist_1ybzpk2._.js:2477
[     406ms] [LOG] [Fast Refresh] rebuilding @ http://localhost:3008/_next/static/chunks/node_modules_next_dist_1ybzpk2._.js:2477
[     416ms] [LOG] [Fast Refresh] done in 112ms @ http://localhost:3008/_next/static/chunks/node_modules_next_dist_1ybzpk2._.js:2477
[  140411ms] [LOG] [Fast Refresh] rebuilding @ http://localhost:3008/_next/static/chunks/node_modules_next_dist_1ybzpk2._.js:2477
[  140411ms] [LOG] [Fast Refresh] done in 101ms @ http://localhost:3008/_next/static/chunks/node_modules_next_dist_1ybzpk2._.js:2477
[  143314ms] [ERROR] WebSocket connection to 'ws://localhost:3008/_next/webpack-hmr?id=x07qy7rkDjoR9D795B1yF' failed: Error in connection establishment: net::ERR_CONNECTION_REFUSED @ http://localhost:3008/_next/static/chunks/node_modules_next_dist_client_0r5nbpw._.js:13422
[  144316ms] [ERROR] WebSocket connection to 'ws://localhost:3008/_next/webpack-hmr?id=x07qy7rkDjoR9D795B1yF' failed: Error in connection establishment: net::ERR_CONNECTION_REFUSED @ http://localhost:3008/_next/static/chunks/node_modules_next_dist_client_0r5nbpw._.js:13422
[  145318ms] [ERROR] WebSocket connection to 'ws://localhost:3008/_next/webpack-hmr?id=x07qy7rkDjoR9D795B1yF' failed: Error in connection establishment: net::ERR_CONNECTION_REFUSED @ http://localhost:3008/_next/static/chunks/node_modules_next_dist_client_0r5nbpw._.js:13422
[  146320ms] [ERROR] WebSocket connection to 'ws://localhost:3008/_next/webpack-hmr?id=x07qy7rkDjoR9D795B1yF' failed: Error in connection establishment: net::ERR_CONNECTION_REFUSED @ http://localhost:3008/_next/static/chunks/node_modules_next_dist_client_0r5nbpw._.js:13422
[  147322ms] [ERROR] WebSocket connection to 'ws://localhost:3008/_next/webpack-hmr?id=x07qy7rkDjoR9D795B1yF' failed: Error in connection establishment: net::ERR_CONNECTION_REFUSED @ http://localhost:3008/_next/static/chunks/node_modules_next_dist_client_0r5nbpw._.js:13422
[  152324ms] [ERROR] WebSocket connection to 'ws://localhost:3008/_next/webpack-hmr?id=x07qy7rkDjoR9D795B1yF' failed: Error in connection establishment: net::ERR_CONNECTION_REFUSED @ http://localhost:3008/_next/static/chunks/node_modules_next_dist_client_0r5nbpw._.js:13422
[  157326ms] [ERROR] WebSocket connection to 'ws://localhost:3008/_next/webpack-hmr?id=x07qy7rkDjoR9D795B1yF' failed: Error in connection establishment: net::ERR_CONNECTION_REFUSED @ http://localhost:3008/_next/static/chunks/node_modules_next_dist_client_0r5nbpw._.js:13422
[  162328ms] [ERROR] WebSocket connection to 'ws://localhost:3008/_next/webpack-hmr?id=x07qy7rkDjoR9D795B1yF' failed: Error in connection establishment: net::ERR_CONNECTION_REFUSED @ http://localhost:3008/_next/static/chunks/node_modules_next_dist_client_0r5nbpw._.js:13422
[  167332ms] [ERROR] WebSocket connection to 'ws://localhost:3008/_next/webpack-hmr?id=x07qy7rkDjoR9D795B1yF' failed: Error in connection establishment: net::ERR_CONNECTION_REFUSED @ http://localhost:3008/_next/static/chunks/node_modules_next_dist_client_0r5nbpw._.js:13422
[  172337ms] [ERROR] WebSocket connection to 'ws://localhost:3008/_next/webpack-hmr?id=x07qy7rkDjoR9D795B1yF' failed: Error in connection establishment: net::ERR_CONNECTION_REFUSED @ http://localhost:3008/_next/static/chunks/node_modules_next_dist_client_0r5nbpw._.js:13422
[  177343ms] [ERROR] WebSocket connection to 'ws://localhost:3008/_next/webpack-hmr?id=x07qy7rkDjoR9D795B1yF' failed: Error in connection establishment: net::ERR_CONNECTION_REFUSED @ http://localhost:3008/_next/static/chunks/node_modules_next_dist_client_0r5nbpw._.js:13422
[  182345ms] [ERROR] WebSocket connection to 'ws://localhost:3008/_next/webpack-hmr?id=x07qy7rkDjoR9D795B1yF' failed: Error in connection establishment: net::ERR_CONNECTION_REFUSED @ http://localhost:3008/_next/static/chunks/node_modules_next_dist_client_0r5nbpw._.js:13422
