[     649ms] [INFO] %cDownload the React DevTools for a better development experience: https://react.dev/link/react-devtools font-weight:bold @ http://localhost:3008/_next/static/chunks/node_modules_next_dist_1ybzpk2._.js:2477
[     658ms] [LOG] [HMR] connected @ http://localhost:3008/_next/static/chunks/node_modules_next_dist_1ybzpk2._.js:2477
[     771ms] [LOG] [Fast Refresh] rebuilding @ http://localhost:3008/_next/static/chunks/node_modules_next_dist_1ybzpk2._.js:2477
[     776ms] [LOG] [Fast Refresh] done in 107ms @ http://localhost:3008/_next/static/chunks/node_modules_next_dist_1ybzpk2._.js:2477
[   52237ms] [ERROR] WebSocket connection to 'ws://localhost:3008/_next/webpack-hmr?id=3JELBTjrfhuskJ2EqHLwq' failed: Error in connection establishment: net::ERR_CONNECTION_REFUSED @ http://localhost:3008/_next/static/chunks/node_modules_next_dist_client_0r5nbpw._.js:13422
[   53242ms] [ERROR] WebSocket connection to 'ws://localhost:3008/_next/webpack-hmr?id=3JELBTjrfhuskJ2EqHLwq' failed: Error in connection establishment: net::ERR_CONNECTION_REFUSED @ http://localhost:3008/_next/static/chunks/node_modules_next_dist_client_0r5nbpw._.js:13422
[   54246ms] [ERROR] WebSocket connection to 'ws://localhost:3008/_next/webpack-hmr?id=3JELBTjrfhuskJ2EqHLwq' failed: Error in connection establishment: net::ERR_CONNECTION_REFUSED @ http://localhost:3008/_next/static/chunks/node_modules_next_dist_client_0r5nbpw._.js:13422
[   55250ms] [ERROR] WebSocket connection to 'ws://localhost:3008/_next/webpack-hmr?id=3JELBTjrfhuskJ2EqHLwq' failed: Error in connection establishment: net::ERR_CONNECTION_REFUSED @ http://localhost:3008/_next/static/chunks/node_modules_next_dist_client_0r5nbpw._.js:13422
[   56253ms] [ERROR] WebSocket connection to 'ws://localhost:3008/_next/webpack-hmr?id=3JELBTjrfhuskJ2EqHLwq' failed: Error in connection establishment: net::ERR_CONNECTION_REFUSED @ http://localhost:3008/_next/static/chunks/node_modules_next_dist_client_0r5nbpw._.js:13422
[   61269ms] [LOG] [HMR] connected @ http://localhost:3008/_next/static/chunks/node_modules_next_dist_1ybzpk2._.js:2477
[   62536ms] [INFO] %cDownload the React DevTools for a better development experience: https://react.dev/link/react-devtools font-weight:bold @ http://localhost:3008/_next/static/chunks/node_modules_next_dist_1ybzpk2._.js:2477
[   62546ms] [LOG] [HMR] connected @ http://localhost:3008/_next/static/chunks/node_modules_next_dist_1ybzpk2._.js:2477
[  137249ms] [ERROR] WebSocket connection to 'ws://localhost:3008/_next/webpack-hmr?id=VVK8nlbFAmk8KYqN7FrHc' failed: Error in connection establishment: net::ERR_CONNECTION_REFUSED @ http://localhost:3008/_next/static/chunks/node_modules_next_dist_client_0r5nbpw._.js:13422
[  138251ms] [ERROR] WebSocket connection to 'ws://localhost:3008/_next/webpack-hmr?id=VVK8nlbFAmk8KYqN7FrHc' failed: Error in connection establishment: net::ERR_CONNECTION_REFUSED @ http://localhost:3008/_next/static/chunks/node_modules_next_dist_client_0r5nbpw._.js:13422
[  139256ms] [LOG] [HMR] connected @ http://localhost:3008/_next/static/chunks/node_modules_next_dist_1ybzpk2._.js:2477
[  140620ms] [INFO] %cDownload the React DevTools for a better development experience: https://react.dev/link/react-devtools font-weight:bold @ http://localhost:3008/_next/static/chunks/node_modules_next_dist_1ybzpk2._.js:2477
[  140631ms] [LOG] [HMR] connected @ http://localhost:3008/_next/static/chunks/node_modules_next_dist_1ybzpk2._.js:2477
[  227432ms] [LOG] [Fast Refresh] rebuilding @ http://localhost:3008/_next/static/chunks/node_modules_next_dist_1ybzpk2._.js:2477
[  227434ms] [LOG] [Fast Refresh] done in 103ms @ http://localhost:3008/_next/static/chunks/node_modules_next_dist_1ybzpk2._.js:2477
[  259644ms] [LOG] [Fast Refresh] rebuilding @ http://localhost:3008/_next/static/chunks/node_modules_next_dist_1ybzpk2._.js:2477
[  259847ms] [LOG] [Fast Refresh] done in 303ms @ http://localhost:3008/_next/static/chunks/node_modules_next_dist_1ybzpk2._.js:2477
[  272934ms] [LOG] [Fast Refresh] rebuilding @ http://localhost:3008/_next/static/chunks/node_modules_next_dist_1ybzpk2._.js:2477
[  273057ms] [LOG] [Fast Refresh] done in 172ms @ http://localhost:3008/_next/static/chunks/node_modules_next_dist_1ybzpk2._.js:2477
[  273515ms] [LOG] [Fast Refresh] rebuilding @ http://localhost:3008/_next/static/chunks/node_modules_next_dist_1ybzpk2._.js:2477
[  273547ms] [LOG] [Fast Refresh] done in 133ms @ http://localhost:3008/_next/static/chunks/node_modules_next_dist_1ybzpk2._.js:2477
[  279718ms] [LOG] [Fast Refresh] rebuilding @ http://localhost:3008/_next/static/chunks/node_modules_next_dist_1ybzpk2._.js:2477
[  279764ms] [LOG] [Fast Refresh] done in 59ms @ http://localhost:3008/_next/static/chunks/node_modules_next_dist_1ybzpk2._.js:2477
[  284841ms] [LOG] [Fast Refresh] rebuilding @ http://localhost:3008/_next/static/chunks/node_modules_next_dist_1ybzpk2._.js:2477
[  284872ms] [LOG] [Fast Refresh] done in 24ms @ http://localhost:3008/_next/static/chunks/node_modules_next_dist_1ybzpk2._.js:2477
[  290705ms] [LOG] [Fast Refresh] rebuilding @ http://localhost:3008/_next/static/chunks/node_modules_next_dist_1ybzpk2._.js:2477
[  290756ms] [LOG] [Fast Refresh] done in 102ms @ http://localhost:3008/_next/static/chunks/node_modules_next_dist_1ybzpk2._.js:2477
[  291020ms] [LOG] [Fast Refresh] rebuilding @ http://localhost:3008/_next/static/chunks/node_modules_next_dist_1ybzpk2._.js:2477
[  291045ms] [LOG] [Fast Refresh] done in 126ms @ http://localhost:3008/_next/static/chunks/node_modules_next_dist_1ybzpk2._.js:2477
