[     118ms] [INFO] %cDownload the React DevTools for a better development experience: https://react.dev/link/react-devtools font-weight:bold @ http://localhost:3008/_next/static/chunks/node_modules_next_dist_1ybzpk2._.js:2477
[     130ms] [LOG] [HMR] connected @ http://localhost:3008/_next/static/chunks/node_modules_next_dist_1ybzpk2._.js:2477
[     167ms] [WARNING] Image with src "/learn_to_vibe_code_logo_cosmic_mark_transparent.png" was detected as the Largest Contentful Paint (LCP). Please add the `loading="eager"` property if this image is above the fold.
Read more: https://nextjs.org/docs/app/api-reference/components/image#loading @ http://localhost:3008/_next/static/chunks/node_modules_next_dist_1ybzpk2._.js:2477
[     259ms] [LOG] %c[Vercel Web Analytics]%c Debug mode is enabled by default in development. No requests will be sent to the server. color: rgb(120, 120, 120) color: inherit @ http://localhost:3008/_next/static/chunks/node_modules_next_dist_1ybzpk2._.js:2477
[     259ms] [LOG] %c[Vercel Web Analytics]%c [view] http://localhost:3008/course/0 color: rgb(120, 120, 120) color: inherit {o: http://localhost:3008/course/0, sv: 0.1.3, sdkn: @vercel/analytics/react, sdkv: 2.0.1, ts: 1783909187251} /_vercel/insights/view @ http://localhost:3008/_next/static/chunks/node_modules_next_dist_1ybzpk2._.js:2477
[  929833ms] [LOG] [Fast Refresh] rebuilding @ http://localhost:3008/_next/static/chunks/node_modules_next_dist_1ybzpk2._.js:2477
[  929884ms] [LOG] [Fast Refresh] done in 62ms @ http://localhost:3008/_next/static/chunks/node_modules_next_dist_1ybzpk2._.js:2477
[ 1315928ms] [LOG] [Fast Refresh] rebuilding @ http://localhost:3008/_next/static/chunks/node_modules_next_dist_1ybzpk2._.js:2477
[ 1315981ms] [LOG] [Fast Refresh] done in 157ms @ http://localhost:3008/_next/static/chunks/node_modules_next_dist_1ybzpk2._.js:2477
[ 1325941ms] [LOG] [Fast Refresh] rebuilding @ http://localhost:3008/_next/static/chunks/node_modules_next_dist_1ybzpk2._.js:2477
[ 1325969ms] [LOG] [Fast Refresh] done in 78ms @ http://localhost:3008/_next/static/chunks/node_modules_next_dist_1ybzpk2._.js:2477
[ 1336031ms] [LOG] [Fast Refresh] rebuilding @ http://localhost:3008/_next/static/chunks/node_modules_next_dist_1ybzpk2._.js:2477
[ 1336146ms] [LOG] [Fast Refresh] done in 187ms @ http://localhost:3008/_next/static/chunks/node_modules_next_dist_1ybzpk2._.js:2477
[ 1625098ms] [LOG] [Fast Refresh] rebuilding @ http://localhost:3008/_next/static/chunks/node_modules_next_dist_1ybzpk2._.js:2477
[ 1625197ms] [LOG] [Fast Refresh] done in 162ms @ http://localhost:3008/_next/static/chunks/node_modules_next_dist_1ybzpk2._.js:2477
[ 1788491ms] [LOG] [Fast Refresh] rebuilding @ http://localhost:3008/_next/static/chunks/node_modules_next_dist_1ybzpk2._.js:2477
[ 1788574ms] [LOG] [Fast Refresh] done in 161ms @ http://localhost:3008/_next/static/chunks/node_modules_next_dist_1ybzpk2._.js:2477
[ 1797803ms] [LOG] [Fast Refresh] rebuilding @ http://localhost:3008/_next/static/chunks/node_modules_next_dist_1ybzpk2._.js:2477
[ 1797866ms] [LOG] [Fast Refresh] done in 127ms @ http://localhost:3008/_next/static/chunks/node_modules_next_dist_1ybzpk2._.js:2477
[ 1807723ms] [LOG] [Fast Refresh] rebuilding @ http://localhost:3008/_next/static/chunks/node_modules_next_dist_1ybzpk2._.js:2477
[ 1807751ms] [LOG] [Fast Refresh] done in 108ms @ http://localhost:3008/_next/static/chunks/node_modules_next_dist_1ybzpk2._.js:2477
[ 1814365ms] [LOG] [Fast Refresh] rebuilding @ http://localhost:3008/_next/static/chunks/node_modules_next_dist_1ybzpk2._.js:2477
[ 1814379ms] [LOG] [Fast Refresh] done in 107ms @ http://localhost:3008/_next/static/chunks/node_modules_next_dist_1ybzpk2._.js:2477
[ 1903160ms] [LOG] [Fast Refresh] rebuilding @ http://localhost:3008/_next/static/chunks/node_modules_next_dist_1ybzpk2._.js:2477
[ 1903182ms] [LOG] [Fast Refresh] done in 105ms @ http://localhost:3008/_next/static/chunks/node_modules_next_dist_1ybzpk2._.js:2477
[ 2057662ms] [LOG] [Fast Refresh] rebuilding @ http://localhost:3008/_next/static/chunks/node_modules_next_dist_1ybzpk2._.js:2477
[ 2057717ms] [LOG] [Fast Refresh] done in 138ms @ http://localhost:3008/_next/static/chunks/node_modules_next_dist_1ybzpk2._.js:2477
[ 2065311ms] [LOG] [Fast Refresh] rebuilding @ http://localhost:3008/_next/static/chunks/node_modules_next_dist_1ybzpk2._.js:2477
[ 2065333ms] [LOG] [Fast Refresh] done in 70ms @ http://localhost:3008/_next/static/chunks/node_modules_next_dist_1ybzpk2._.js:2477
[ 2072627ms] [LOG] [Fast Refresh] rebuilding @ http://localhost:3008/_next/static/chunks/node_modules_next_dist_1ybzpk2._.js:2477
[ 2072648ms] [LOG] [Fast Refresh] done in 72ms @ http://localhost:3008/_next/static/chunks/node_modules_next_dist_1ybzpk2._.js:2477
[ 2082125ms] [LOG] [Fast Refresh] rebuilding @ http://localhost:3008/_next/static/chunks/node_modules_next_dist_1ybzpk2._.js:2477
[ 2082149ms] [LOG] [Fast Refresh] done in 66ms @ http://localhost:3008/_next/static/chunks/node_modules_next_dist_1ybzpk2._.js:2477
[ 2096078ms] [LOG] [Fast Refresh] rebuilding @ http://localhost:3008/_next/static/chunks/node_modules_next_dist_1ybzpk2._.js:2477
[ 2096099ms] [LOG] [Fast Refresh] done in 68ms @ http://localhost:3008/_next/static/chunks/node_modules_next_dist_1ybzpk2._.js:2477
[ 2102744ms] [LOG] [Fast Refresh] rebuilding @ http://localhost:3008/_next/static/chunks/node_modules_next_dist_1ybzpk2._.js:2477
[ 2102767ms] [LOG] [Fast Refresh] done in 62ms @ http://localhost:3008/_next/static/chunks/node_modules_next_dist_1ybzpk2._.js:2477
[ 2175226ms] [LOG] [Fast Refresh] rebuilding @ http://localhost:3008/_next/static/chunks/node_modules_next_dist_1ybzpk2._.js:2477
[ 2175245ms] [LOG] [Fast Refresh] done in 73ms @ http://localhost:3008/_next/static/chunks/node_modules_next_dist_1ybzpk2._.js:2477
[ 2183003ms] [LOG] [Fast Refresh] rebuilding @ http://localhost:3008/_next/static/chunks/node_modules_next_dist_1ybzpk2._.js:2477
[ 2183173ms] [LOG] [Fast Refresh] done in 272ms @ http://localhost:3008/_next/static/chunks/node_modules_next_dist_1ybzpk2._.js:2477
[ 2183455ms] [LOG] [Fast Refresh] rebuilding @ http://localhost:3008/_next/static/chunks/node_modules_next_dist_1ybzpk2._.js:2477
[ 2183482ms] [LOG] [Fast Refresh] done in 128ms @ http://localhost:3008/_next/static/chunks/node_modules_next_dist_1ybzpk2._.js:2477
[ 2330982ms] [LOG] [Fast Refresh] rebuilding @ http://localhost:3008/_next/static/chunks/node_modules_next_dist_1ybzpk2._.js:2477
[ 2331007ms] [LOG] [Fast Refresh] done in 99ms @ http://localhost:3008/_next/static/chunks/node_modules_next_dist_1ybzpk2._.js:2477
[ 2342863ms] [LOG] [Fast Refresh] rebuilding @ http://localhost:3008/_next/static/chunks/node_modules_next_dist_1ybzpk2._.js:2477
[ 2342901ms] [LOG] [Fast Refresh] done in 104ms @ http://localhost:3008/_next/static/chunks/node_modules_next_dist_1ybzpk2._.js:2477
[ 2353389ms] [LOG] [Fast Refresh] rebuilding @ http://localhost:3008/_next/static/chunks/node_modules_next_dist_1ybzpk2._.js:2477
[ 2353447ms] [LOG] [Fast Refresh] done in 124ms @ http://localhost:3008/_next/static/chunks/node_modules_next_dist_1ybzpk2._.js:2477
[ 2367989ms] [LOG] [Fast Refresh] rebuilding @ http://localhost:3008/_next/static/chunks/node_modules_next_dist_1ybzpk2._.js:2477
[ 2368013ms] [LOG] [Fast Refresh] done in 98ms @ http://localhost:3008/_next/static/chunks/node_modules_next_dist_1ybzpk2._.js:2477
[ 2382162ms] [LOG] [Fast Refresh] rebuilding @ http://localhost:3008/_next/static/chunks/node_modules_next_dist_1ybzpk2._.js:2477
[ 2382237ms] [LOG] [Fast Refresh] done in 146ms @ http://localhost:3008/_next/static/chunks/node_modules_next_dist_1ybzpk2._.js:2477
[ 2397293ms] [LOG] [Fast Refresh] rebuilding @ http://localhost:3008/_next/static/chunks/node_modules_next_dist_1ybzpk2._.js:2477
[ 2397404ms] [LOG] [Fast Refresh] done in 182ms @ http://localhost:3008/_next/static/chunks/node_modules_next_dist_1ybzpk2._.js:2477
[ 2417109ms] [LOG] [Fast Refresh] rebuilding @ http://localhost:3008/_next/static/chunks/node_modules_next_dist_1ybzpk2._.js:2477
[ 2417130ms] [LOG] [Fast Refresh] done in 78ms @ http://localhost:3008/_next/static/chunks/node_modules_next_dist_1ybzpk2._.js:2477
[ 2437540ms] [LOG] [Fast Refresh] rebuilding @ http://localhost:3008/_next/static/chunks/node_modules_next_dist_1ybzpk2._.js:2477
[ 2437609ms] [LOG] [Fast Refresh] done in 125ms @ http://localhost:3008/_next/static/chunks/node_modules_next_dist_1ybzpk2._.js:2477
[ 2456940ms] [LOG] [Fast Refresh] rebuilding @ http://localhost:3008/_next/static/chunks/node_modules_next_dist_1ybzpk2._.js:2477
[ 2456954ms] [LOG] [Fast Refresh] done in 115ms @ http://localhost:3008/_next/static/chunks/node_modules_next_dist_1ybzpk2._.js:2477
[ 2463508ms] [LOG] [Fast Refresh] rebuilding @ http://localhost:3008/_next/static/chunks/node_modules_next_dist_1ybzpk2._.js:2477
[ 2463518ms] [LOG] [Fast Refresh] done in 112ms @ http://localhost:3008/_next/static/chunks/node_modules_next_dist_1ybzpk2._.js:2477
[ 2545793ms] [LOG] [Fast Refresh] rebuilding @ http://localhost:3008/_next/static/chunks/node_modules_next_dist_1ybzpk2._.js:2477
[ 2545890ms] [LOG] [Fast Refresh] done in 150ms @ http://localhost:3008/_next/static/chunks/node_modules_next_dist_1ybzpk2._.js:2477
[ 2700129ms] [LOG] [Fast Refresh] rebuilding @ http://localhost:3008/_next/static/chunks/node_modules_next_dist_1ybzpk2._.js:2477
[ 2700289ms] [LOG] [Fast Refresh] done in 208ms @ http://localhost:3008/_next/static/chunks/node_modules_next_dist_1ybzpk2._.js:2477
[ 2815947ms] [LOG] [Fast Refresh] rebuilding @ http://localhost:3008/_next/static/chunks/node_modules_next_dist_1ybzpk2._.js:2477
[ 2816016ms] [LOG] [Fast Refresh] done in 126ms @ http://localhost:3008/_next/static/chunks/node_modules_next_dist_1ybzpk2._.js:2477
[ 2984610ms] [LOG] [Fast Refresh] rebuilding @ http://localhost:3008/_next/static/chunks/node_modules_next_dist_1ybzpk2._.js:2477
[ 2984631ms] [LOG] [Fast Refresh] done in 97ms @ http://localhost:3008/_next/static/chunks/node_modules_next_dist_1ybzpk2._.js:2477
[ 3117270ms] [LOG] [Fast Refresh] rebuilding @ http://localhost:3008/_next/static/chunks/node_modules_next_dist_1ybzpk2._.js:2477
[ 3119676ms] [LOG] [Fast Refresh] done in 702ms @ http://localhost:3008/_next/static/chunks/node_modules_next_dist_1ybzpk2._.js:2477
[ 3120044ms] [LOG] [Fast Refresh] rebuilding @ http://localhost:3008/_next/static/chunks/node_modules_next_dist_1ybzpk2._.js:2477
[ 3120079ms] [LOG] [Fast Refresh] done in 136ms @ http://localhost:3008/_next/static/chunks/node_modules_next_dist_1ybzpk2._.js:2477
[ 3120644ms] [LOG] [Fast Refresh] rebuilding @ http://localhost:3008/_next/static/chunks/node_modules_next_dist_1ybzpk2._.js:2477
[ 3120659ms] [LOG] [Fast Refresh] done in 115ms @ http://localhost:3008/_next/static/chunks/node_modules_next_dist_1ybzpk2._.js:2477
[ 3120964ms] [LOG] [Fast Refresh] rebuilding @ http://localhost:3008/_next/static/chunks/node_modules_next_dist_1ybzpk2._.js:2477
[ 3121007ms] [LOG] [Fast Refresh] done in 145ms @ http://localhost:3008/_next/static/chunks/node_modules_next_dist_1ybzpk2._.js:2477
[ 3121492ms] [LOG] [Fast Refresh] rebuilding @ http://localhost:3008/_next/static/chunks/node_modules_next_dist_1ybzpk2._.js:2477
[ 3121543ms] [LOG] [Fast Refresh] done in 153ms @ http://localhost:3008/_next/static/chunks/node_modules_next_dist_1ybzpk2._.js:2477
[ 3122299ms] [LOG] [Fast Refresh] rebuilding @ http://localhost:3008/_next/static/chunks/node_modules_next_dist_1ybzpk2._.js:2477
[ 3122313ms] [LOG] [Fast Refresh] done in 115ms @ http://localhost:3008/_next/static/chunks/node_modules_next_dist_1ybzpk2._.js:2477
[ 3122638ms] [LOG] [Fast Refresh] rebuilding @ http://localhost:3008/_next/static/chunks/node_modules_next_dist_1ybzpk2._.js:2477
[ 3122766ms] [LOG] [Fast Refresh] done in 230ms @ http://localhost:3008/_next/static/chunks/node_modules_next_dist_1ybzpk2._.js:2477
[ 3123444ms] [LOG] [Fast Refresh] rebuilding @ http://localhost:3008/_next/static/chunks/node_modules_next_dist_1ybzpk2._.js:2477
[ 3123475ms] [LOG] [Fast Refresh] done in 131ms @ http://localhost:3008/_next/static/chunks/node_modules_next_dist_1ybzpk2._.js:2477
[ 3123821ms] [LOG] [Fast Refresh] rebuilding @ http://localhost:3008/_next/static/chunks/node_modules_next_dist_1ybzpk2._.js:2477
[ 3123835ms] [LOG] [Fast Refresh] done in 115ms @ http://localhost:3008/_next/static/chunks/node_modules_next_dist_1ybzpk2._.js:2477
[ 3124355ms] [LOG] [Fast Refresh] rebuilding @ http://localhost:3008/_next/static/chunks/node_modules_next_dist_1ybzpk2._.js:2477
[ 3124365ms] [LOG] [Fast Refresh] done in 111ms @ http://localhost:3008/_next/static/chunks/node_modules_next_dist_1ybzpk2._.js:2477
[ 3124530ms] [LOG] [Fast Refresh] rebuilding @ http://localhost:3008/_next/static/chunks/node_modules_next_dist_1ybzpk2._.js:2477
[ 3124593ms] [LOG] [Fast Refresh] done in 165ms @ http://localhost:3008/_next/static/chunks/node_modules_next_dist_1ybzpk2._.js:2477
[ 3127070ms] [LOG] [Fast Refresh] rebuilding @ http://localhost:3008/_next/static/chunks/node_modules_next_dist_1ybzpk2._.js:2477
[ 3127287ms] [LOG] [Fast Refresh] done in 318ms @ http://localhost:3008/_next/static/chunks/node_modules_next_dist_1ybzpk2._.js:2477
[ 3130119ms] [LOG] [Fast Refresh] rebuilding @ http://localhost:3008/_next/static/chunks/node_modules_next_dist_1ybzpk2._.js:2477
[ 3130209ms] [LOG] [Fast Refresh] done in 190ms @ http://localhost:3008/_next/static/chunks/node_modules_next_dist_1ybzpk2._.js:2477
[ 3130396ms] [LOG] [Fast Refresh] rebuilding @ http://localhost:3008/_next/static/chunks/node_modules_next_dist_1ybzpk2._.js:2477
[ 3130419ms] [LOG] [Fast Refresh] done in 124ms @ http://localhost:3008/_next/static/chunks/node_modules_next_dist_1ybzpk2._.js:2477
[ 3130762ms] [LOG] [Fast Refresh] rebuilding @ http://localhost:3008/_next/static/chunks/node_modules_next_dist_1ybzpk2._.js:2477
[ 3130789ms] [LOG] [Fast Refresh] done in 129ms @ http://localhost:3008/_next/static/chunks/node_modules_next_dist_1ybzpk2._.js:2477
[ 3131058ms] [LOG] [Fast Refresh] rebuilding @ http://localhost:3008/_next/static/chunks/node_modules_next_dist_1ybzpk2._.js:2477
[ 3131095ms] [LOG] [Fast Refresh] done in 137ms @ http://localhost:3008/_next/static/chunks/node_modules_next_dist_1ybzpk2._.js:2477
[ 3131455ms] [LOG] [Fast Refresh] rebuilding @ http://localhost:3008/_next/static/chunks/node_modules_next_dist_1ybzpk2._.js:2477
[ 3131476ms] [LOG] [Fast Refresh] done in 123ms @ http://localhost:3008/_next/static/chunks/node_modules_next_dist_1ybzpk2._.js:2477
[ 3131826ms] [LOG] [Fast Refresh] rebuilding @ http://localhost:3008/_next/static/chunks/node_modules_next_dist_1ybzpk2._.js:2477
[ 3131836ms] [LOG] [Fast Refresh] done in 111ms @ http://localhost:3008/_next/static/chunks/node_modules_next_dist_1ybzpk2._.js:2477
[ 3132101ms] [LOG] [Fast Refresh] rebuilding @ http://localhost:3008/_next/static/chunks/node_modules_next_dist_1ybzpk2._.js:2477
[ 3132107ms] [LOG] [Fast Refresh] done in 106ms @ http://localhost:3008/_next/static/chunks/node_modules_next_dist_1ybzpk2._.js:2477
[ 3132414ms] [LOG] [Fast Refresh] rebuilding @ http://localhost:3008/_next/static/chunks/node_modules_next_dist_1ybzpk2._.js:2477
[ 3132439ms] [LOG] [Fast Refresh] done in 126ms @ http://localhost:3008/_next/static/chunks/node_modules_next_dist_1ybzpk2._.js:2477
[ 3132693ms] [LOG] [Fast Refresh] rebuilding @ http://localhost:3008/_next/static/chunks/node_modules_next_dist_1ybzpk2._.js:2477
[ 3132705ms] [LOG] [Fast Refresh] done in 112ms @ http://localhost:3008/_next/static/chunks/node_modules_next_dist_1ybzpk2._.js:2477
[ 3133024ms] [LOG] [Fast Refresh] rebuilding @ http://localhost:3008/_next/static/chunks/node_modules_next_dist_1ybzpk2._.js:2477
[ 3133062ms] [LOG] [Fast Refresh] done in 139ms @ http://localhost:3008/_next/static/chunks/node_modules_next_dist_1ybzpk2._.js:2477
[ 3133451ms] [LOG] [Fast Refresh] rebuilding @ http://localhost:3008/_next/static/chunks/node_modules_next_dist_1ybzpk2._.js:2477
[ 3133473ms] [LOG] [Fast Refresh] done in 123ms @ http://localhost:3008/_next/static/chunks/node_modules_next_dist_1ybzpk2._.js:2477
[ 3133753ms] [LOG] [Fast Refresh] rebuilding @ http://localhost:3008/_next/static/chunks/node_modules_next_dist_1ybzpk2._.js:2477
[ 3133777ms] [LOG] [Fast Refresh] done in 126ms @ http://localhost:3008/_next/static/chunks/node_modules_next_dist_1ybzpk2._.js:2477
[ 3134059ms] [LOG] [Fast Refresh] rebuilding @ http://localhost:3008/_next/static/chunks/node_modules_next_dist_1ybzpk2._.js:2477
[ 3134094ms] [LOG] [Fast Refresh] done in 135ms @ http://localhost:3008/_next/static/chunks/node_modules_next_dist_1ybzpk2._.js:2477
[ 3134433ms] [LOG] [Fast Refresh] rebuilding @ http://localhost:3008/_next/static/chunks/node_modules_next_dist_1ybzpk2._.js:2477
[ 3134462ms] [LOG] [Fast Refresh] done in 130ms @ http://localhost:3008/_next/static/chunks/node_modules_next_dist_1ybzpk2._.js:2477
[ 3134852ms] [LOG] [Fast Refresh] rebuilding @ http://localhost:3008/_next/static/chunks/node_modules_next_dist_1ybzpk2._.js:2477
[ 3134876ms] [LOG] [Fast Refresh] done in 125ms @ http://localhost:3008/_next/static/chunks/node_modules_next_dist_1ybzpk2._.js:2477
[ 3135161ms] [LOG] [Fast Refresh] rebuilding @ http://localhost:3008/_next/static/chunks/node_modules_next_dist_1ybzpk2._.js:2477
[ 3135187ms] [LOG] [Fast Refresh] done in 128ms @ http://localhost:3008/_next/static/chunks/node_modules_next_dist_1ybzpk2._.js:2477
[ 3135474ms] [LOG] [Fast Refresh] rebuilding @ http://localhost:3008/_next/static/chunks/node_modules_next_dist_1ybzpk2._.js:2477
[ 3135493ms] [LOG] [Fast Refresh] done in 119ms @ http://localhost:3008/_next/static/chunks/node_modules_next_dist_1ybzpk2._.js:2477
[ 3138344ms] [LOG] [Fast Refresh] rebuilding @ http://localhost:3008/_next/static/chunks/node_modules_next_dist_1ybzpk2._.js:2477
[ 3138344ms] [LOG] [Fast Refresh] done in 101ms @ http://localhost:3008/_next/static/chunks/node_modules_next_dist_1ybzpk2._.js:2477
[ 3138528ms] [LOG] [Fast Refresh] rebuilding @ http://localhost:3008/_next/static/chunks/node_modules_next_dist_1ybzpk2._.js:2477
[ 3138542ms] [LOG] [Fast Refresh] done in 115ms @ http://localhost:3008/_next/static/chunks/node_modules_next_dist_1ybzpk2._.js:2477
[ 3139041ms] [LOG] [Fast Refresh] rebuilding @ http://localhost:3008/_next/static/chunks/node_modules_next_dist_1ybzpk2._.js:2477
[ 3139050ms] [LOG] [Fast Refresh] done in 109ms @ http://localhost:3008/_next/static/chunks/node_modules_next_dist_1ybzpk2._.js:2477
[ 3140113ms] [LOG] [Fast Refresh] rebuilding @ http://localhost:3008/_next/static/chunks/node_modules_next_dist_1ybzpk2._.js:2477
[ 3140127ms] [LOG] [Fast Refresh] done in 115ms @ http://localhost:3008/_next/static/chunks/node_modules_next_dist_1ybzpk2._.js:2477
[ 3173378ms] [LOG] [Fast Refresh] rebuilding @ http://localhost:3008/_next/static/chunks/node_modules_next_dist_1ybzpk2._.js:2477
[ 3173411ms] [LOG] [Fast Refresh] done in 134ms @ http://localhost:3008/_next/static/chunks/node_modules_next_dist_1ybzpk2._.js:2477
[ 3187291ms] [LOG] [Fast Refresh] rebuilding @ http://localhost:3008/_next/static/chunks/node_modules_next_dist_1ybzpk2._.js:2477
[ 3187323ms] [LOG] [Fast Refresh] done in 133ms @ http://localhost:3008/_next/static/chunks/node_modules_next_dist_1ybzpk2._.js:2477
[ 3858022ms] [LOG] [Fast Refresh] rebuilding @ http://localhost:3008/_next/static/chunks/node_modules_next_dist_1ybzpk2._.js:2477
[ 3858159ms] [LOG] [Fast Refresh] done in 201ms @ http://localhost:3008/_next/static/chunks/node_modules_next_dist_1ybzpk2._.js:2477
[ 4382653ms] [LOG] [Fast Refresh] rebuilding @ http://localhost:3008/_next/static/chunks/node_modules_next_dist_1ybzpk2._.js:2477
[ 4382775ms] [LOG] [Fast Refresh] done in 195ms @ http://localhost:3008/_next/static/chunks/node_modules_next_dist_1ybzpk2._.js:2477
[ 4390547ms] [LOG] [Fast Refresh] rebuilding @ http://localhost:3008/_next/static/chunks/node_modules_next_dist_1ybzpk2._.js:2477
[ 4390565ms] [LOG] [Fast Refresh] done in 59ms @ http://localhost:3008/_next/static/chunks/node_modules_next_dist_1ybzpk2._.js:2477
[ 4394692ms] [LOG] [Fast Refresh] rebuilding @ http://localhost:3008/_next/static/chunks/node_modules_next_dist_1ybzpk2._.js:2477
[ 4394730ms] [LOG] [Fast Refresh] done in 99ms @ http://localhost:3008/_next/static/chunks/node_modules_next_dist_1ybzpk2._.js:2477
[ 4395904ms] [LOG] [Fast Refresh] rebuilding @ http://localhost:3008/_next/static/chunks/node_modules_next_dist_1ybzpk2._.js:2477
[ 4395932ms] [LOG] [Fast Refresh] done in 49ms @ http://localhost:3008/_next/static/chunks/node_modules_next_dist_1ybzpk2._.js:2477
[ 4397163ms] [LOG] [Fast Refresh] rebuilding @ http://localhost:3008/_next/static/chunks/node_modules_next_dist_1ybzpk2._.js:2477
[ 4397190ms] [LOG] [Fast Refresh] done in 46ms @ http://localhost:3008/_next/static/chunks/node_modules_next_dist_1ybzpk2._.js:2477
[ 4398525ms] [LOG] [Fast Refresh] rebuilding @ http://localhost:3008/_next/static/chunks/node_modules_next_dist_1ybzpk2._.js:2477
[ 4398552ms] [LOG] [Fast Refresh] done in 45ms @ http://localhost:3008/_next/static/chunks/node_modules_next_dist_1ybzpk2._.js:2477
[ 4399564ms] [LOG] [Fast Refresh] rebuilding @ http://localhost:3008/_next/static/chunks/node_modules_next_dist_1ybzpk2._.js:2477
[ 4399590ms] [LOG] [Fast Refresh] done in 49ms @ http://localhost:3008/_next/static/chunks/node_modules_next_dist_1ybzpk2._.js:2477
[ 4400915ms] [LOG] [Fast Refresh] rebuilding @ http://localhost:3008/_next/static/chunks/node_modules_next_dist_1ybzpk2._.js:2477
[ 4400942ms] [LOG] [Fast Refresh] done in 43ms @ http://localhost:3008/_next/static/chunks/node_modules_next_dist_1ybzpk2._.js:2477
[ 4402096ms] [LOG] [Fast Refresh] rebuilding @ http://localhost:3008/_next/static/chunks/node_modules_next_dist_1ybzpk2._.js:2477
[ 4402122ms] [LOG] [Fast Refresh] done in 48ms @ http://localhost:3008/_next/static/chunks/node_modules_next_dist_1ybzpk2._.js:2477
[ 4403406ms] [LOG] [Fast Refresh] rebuilding @ http://localhost:3008/_next/static/chunks/node_modules_next_dist_1ybzpk2._.js:2477
[ 4403435ms] [LOG] [Fast Refresh] done in 45ms @ http://localhost:3008/_next/static/chunks/node_modules_next_dist_1ybzpk2._.js:2477
[ 4404811ms] [LOG] [Fast Refresh] rebuilding @ http://localhost:3008/_next/static/chunks/node_modules_next_dist_1ybzpk2._.js:2477
[ 4404839ms] [LOG] [Fast Refresh] done in 44ms @ http://localhost:3008/_next/static/chunks/node_modules_next_dist_1ybzpk2._.js:2477
[ 4407245ms] [LOG] [Fast Refresh] rebuilding @ http://localhost:3008/_next/static/chunks/node_modules_next_dist_1ybzpk2._.js:2477
[ 4407273ms] [LOG] [Fast Refresh] done in 44ms @ http://localhost:3008/_next/static/chunks/node_modules_next_dist_1ybzpk2._.js:2477
[ 4449453ms] [LOG] [Fast Refresh] rebuilding @ http://localhost:3008/_next/static/chunks/node_modules_next_dist_1ybzpk2._.js:2477
[ 4449470ms] [LOG] [Fast Refresh] done in 118ms @ http://localhost:3008/_next/static/chunks/node_modules_next_dist_1ybzpk2._.js:2477
[ 4508209ms] [LOG] [Fast Refresh] rebuilding @ http://localhost:3008/_next/static/chunks/node_modules_next_dist_1ybzpk2._.js:2477
[ 4508237ms] [LOG] [Fast Refresh] done in 94ms @ http://localhost:3008/_next/static/chunks/node_modules_next_dist_1ybzpk2._.js:2477
[ 4512666ms] [LOG] [Fast Refresh] rebuilding @ http://localhost:3008/_next/static/chunks/node_modules_next_dist_1ybzpk2._.js:2477
[ 4512765ms] [LOG] [Fast Refresh] done in 88ms @ http://localhost:3008/_next/static/chunks/node_modules_next_dist_1ybzpk2._.js:2477
[ 4514416ms] [LOG] [Fast Refresh] rebuilding @ http://localhost:3008/_next/static/chunks/node_modules_next_dist_1ybzpk2._.js:2477
[ 4514431ms] [LOG] [Fast Refresh] done in 116ms @ http://localhost:3008/_next/static/chunks/node_modules_next_dist_1ybzpk2._.js:2477
