[     127ms] [INFO] %cDownload the React DevTools for a better development experience: https://react.dev/link/react-devtools font-weight:bold @ http://localhost:3008/_next/static/chunks/node_modules_next_dist_1ybzpk2._.js:2477
[     136ms] [LOG] [HMR] connected @ http://localhost:3008/_next/static/chunks/node_modules_next_dist_1ybzpk2._.js:2477
[   53598ms] [WARNING] <link rel=preload> uses an unsupported `as` value @ https://checkout.stripe.com/c/pay/cs_test_a12WdCjd4h4K0QkoqFSwdynooyQjK0jWY6OnAeCt9xWIVK65xB0ggcrCGj#fidnandhYHdWcXxpYCc%2FJ2FgY2RwaXEnKSdicGRmZGhqaWBTZHdsZGtxJz8nZmprcXdqaScpJ2R1bE5gfCc%2FJ3VuWnFgdnFaMDRRMjVsTjx9SlI8NVY1cEpWUD1jV2RwbEhmX1VvXW9rYE9PbzEybURwSD1Tbj1QaktUX2pEUTZJcH1MbGQwZEhyNGdEbkRHZmZ8bnxrZ2RsRzFgRnExUHE1NWc2dWdMNmNfJyknY3dqaFZgd3Ngdyc%2FcXdwYCknZ2RmbmJ3anBrYUZqaWp3Jz8nJmNjY2NjYycpJ2lkfGpwcVF8dWAnPyd2bGtiaWBabHFgaCcpJ2BrZGdpYFVpZGZgbWppYWB3dic%2FcXdwYHgl:0
[   53598ms] [WARNING] <link rel=preload> uses an unsupported `as` value @ https://checkout.stripe.com/c/pay/cs_test_a12WdCjd4h4K0QkoqFSwdynooyQjK0jWY6OnAeCt9xWIVK65xB0ggcrCGj#fidnandhYHdWcXxpYCc%2FJ2FgY2RwaXEnKSdicGRmZGhqaWBTZHdsZGtxJz8nZmprcXdqaScpJ2R1bE5gfCc%2FJ3VuWnFgdnFaMDRRMjVsTjx9SlI8NVY1cEpWUD1jV2RwbEhmX1VvXW9rYE9PbzEybURwSD1Tbj1QaktUX2pEUTZJcH1MbGQwZEhyNGdEbkRHZmZ8bnxrZ2RsRzFgRnExUHE1NWc2dWdMNmNfJyknY3dqaFZgd3Ngdyc%2FcXdwYCknZ2RmbmJ3anBrYUZqaWp3Jz8nJmNjY2NjYycpJ2lkfGpwcVF8dWAnPyd2bGtiaWBabHFgaCcpJ2BrZGdpYFVpZGZgbWppYWB3dic%2FcXdwYHgl:0
[  135909ms] [ERROR] Failed to load resource: the server responded with a status of 404 (Not Found) @ http://localhost:3008/support?success=true:0
[  135943ms] [INFO] %cDownload the React DevTools for a better development experience: https://react.dev/link/react-devtools font-weight:bold @ http://localhost:3008/_next/static/chunks/node_modules_next_dist_1ybzpk2._.js:2477
[  135952ms] [LOG] [HMR] connected @ http://localhost:3008/_next/static/chunks/node_modules_next_dist_1ybzpk2._.js:2477
[  633435ms] [ERROR] WebSocket connection to 'ws://localhost:3008/_next/webpack-hmr?id=lb6sRvtz9HAF_6rjvESun' failed: Error in connection establishment: net::ERR_CONNECTION_REFUSED @ http://localhost:3008/_next/static/chunks/node_modules_next_dist_client_0r5nbpw._.js:13422
[  634437ms] [ERROR] WebSocket connection to 'ws://localhost:3008/_next/webpack-hmr?id=lb6sRvtz9HAF_6rjvESun' failed: Error in connection establishment: net::ERR_CONNECTION_REFUSED @ http://localhost:3008/_next/static/chunks/node_modules_next_dist_client_0r5nbpw._.js:13422
[  635439ms] [ERROR] WebSocket connection to 'ws://localhost:3008/_next/webpack-hmr?id=lb6sRvtz9HAF_6rjvESun' failed: Error in connection establishment: net::ERR_CONNECTION_REFUSED @ http://localhost:3008/_next/static/chunks/node_modules_next_dist_client_0r5nbpw._.js:13422
[  636443ms] [LOG] [HMR] connected @ http://localhost:3008/_next/static/chunks/node_modules_next_dist_1ybzpk2._.js:2477
[  636749ms] [ERROR] Failed to load resource: the server responded with a status of 404 (Not Found) @ http://localhost:3008/support?success=true:0
[  636784ms] [INFO] %cDownload the React DevTools for a better development experience: https://react.dev/link/react-devtools font-weight:bold @ http://localhost:3008/_next/static/chunks/node_modules_next_dist_1ybzpk2._.js:2477
[  636793ms] [LOG] [HMR] connected @ http://localhost:3008/_next/static/chunks/node_modules_next_dist_1ybzpk2._.js:2477
[  776369ms] [LOG] [Fast Refresh] rebuilding @ http://localhost:3008/_next/static/chunks/node_modules_next_dist_1ybzpk2._.js:2477
[  776554ms] [ERROR] Failed to load resource: the server responded with a status of 404 (Not Found) @ http://localhost:3008/support?success=true&_rsc=ZW8YxT-DCQyRd6MR:0
[  776625ms] [LOG] [Fast Refresh] done in 302ms @ http://localhost:3008/_next/static/chunks/node_modules_next_dist_1ybzpk2._.js:2477
[  776746ms] [ERROR] Failed to load resource: the server responded with a status of 404 (Not Found) @ http://localhost:3008/support?success=true&_rsc=ZW8YxT-DCQyRd6MR:0
[  776759ms] [ERROR] Failed to load resource: the server responded with a status of 404 (Not Found) @ http://localhost:3008/support?success=true:0
[  776814ms] [INFO] %cDownload the React DevTools for a better development experience: https://react.dev/link/react-devtools font-weight:bold @ http://localhost:3008/_next/static/chunks/node_modules_next_dist_1ybzpk2._.js:2477
[  776826ms] [LOG] [HMR] connected @ http://localhost:3008/_next/static/chunks/node_modules_next_dist_1ybzpk2._.js:2477
[  796499ms] [LOG] [Fast Refresh] rebuilding @ http://localhost:3008/_next/static/chunks/node_modules_next_dist_1ybzpk2._.js:2477
[  796623ms] [LOG] [Fast Refresh] done in 84ms @ http://localhost:3008/_next/static/chunks/node_modules_next_dist_1ybzpk2._.js:2477
[  796695ms] [ERROR] Failed to load resource: the server responded with a status of 404 (Not Found) @ http://localhost:3008/support?success=true&_rsc=ZW8YxT-DCQyRd6MR:0
[  796776ms] [ERROR] Failed to load resource: the server responded with a status of 404 (Not Found) @ http://localhost:3008/support?success=true&_rsc=ZW8YxT-DCQyRd6MR:0
[  796848ms] [ERROR] Failed to load resource: the server responded with a status of 404 (Not Found) @ http://localhost:3008/support?success=true:0
[  796901ms] [INFO] %cDownload the React DevTools for a better development experience: https://react.dev/link/react-devtools font-weight:bold @ http://localhost:3008/_next/static/chunks/node_modules_next_dist_1ybzpk2._.js:2477
[  796913ms] [LOG] [HMR] connected @ http://localhost:3008/_next/static/chunks/node_modules_next_dist_1ybzpk2._.js:2477
[  887308ms] [ERROR] WebSocket connection to 'ws://localhost:3008/_next/webpack-hmr?id=8oyGNkAaT4ZSE3ApMMfSb' failed: Error in connection establishment: net::ERR_CONNECTION_REFUSED @ http://localhost:3008/_next/static/chunks/node_modules_next_dist_client_0r5nbpw._.js:13422
[  888313ms] [ERROR] WebSocket connection to 'ws://localhost:3008/_next/webpack-hmr?id=8oyGNkAaT4ZSE3ApMMfSb' failed: Error in connection establishment: net::ERR_CONNECTION_REFUSED @ http://localhost:3008/_next/static/chunks/node_modules_next_dist_client_0r5nbpw._.js:13422
[  889405ms] [LOG] [HMR] connected @ http://localhost:3008/_next/static/chunks/node_modules_next_dist_1ybzpk2._.js:2477
[  889850ms] [ERROR] Failed to load resource: the server responded with a status of 404 (Not Found) @ http://localhost:3008/support?success=true:0
[  889952ms] [INFO] %cDownload the React DevTools for a better development experience: https://react.dev/link/react-devtools font-weight:bold @ http://localhost:3008/_next/static/chunks/node_modules_next_dist_1ybzpk2._.js:2477
[  889961ms] [LOG] [HMR] connected @ http://localhost:3008/_next/static/chunks/node_modules_next_dist_1ybzpk2._.js:2477
