[     388ms] [VERBOSE] [DOM] Input elements should have autocomplete attributes (suggested: "current-password"): (More info: https://goo.gl/9p2vKq) %o @ http://localhost:3008/auth/sign-up:0
[     397ms] [INFO] %cDownload the React DevTools for a better development experience: https://react.dev/link/react-devtools font-weight:bold @ http://localhost:3008/_next/static/chunks/node_modules_next_dist_1ybzpk2._.js:2477
[     406ms] [LOG] [HMR] connected @ http://localhost:3008/_next/static/chunks/node_modules_next_dist_1ybzpk2._.js:2477
[   83487ms] [VERBOSE] [DOM] Input elements should have autocomplete attributes (suggested: "current-password"): (More info: https://goo.gl/9p2vKq) %o @ http://localhost:3008/auth/sign-in:0
[   83493ms] [INFO] %cDownload the React DevTools for a better development experience: https://react.dev/link/react-devtools font-weight:bold @ http://localhost:3008/_next/static/chunks/node_modules_next_dist_1ybzpk2._.js:2477
[   83502ms] [LOG] [HMR] connected @ http://localhost:3008/_next/static/chunks/node_modules_next_dist_1ybzpk2._.js:2477
[  106059ms] [LOG] [Fast Refresh] rebuilding @ http://localhost:3008/_next/static/chunks/node_modules_next_dist_1ybzpk2._.js:2477
[  106123ms] [LOG] [Fast Refresh] done in 46ms @ http://localhost:3008/_next/static/chunks/node_modules_next_dist_1ybzpk2._.js:2477
[  168040ms] [LOG] [Fast Refresh] rebuilding @ http://localhost:3008/_next/static/chunks/node_modules_next_dist_1ybzpk2._.js:2477
[  168617ms] [LOG] [Fast Refresh] done in 677ms @ http://localhost:3008/_next/static/chunks/node_modules_next_dist_1ybzpk2._.js:2477
[  237609ms] [ERROR] WebSocket connection to 'ws://localhost:3008/_next/webpack-hmr?id=uPuB-7tbfgaYPwOiP6MJu' failed: Error in connection establishment: net::ERR_CONNECTION_REFUSED @ http://localhost:3008/_next/static/chunks/node_modules_next_dist_client_0r5nbpw._.js:13422
[  238610ms] [ERROR] WebSocket connection to 'ws://localhost:3008/_next/webpack-hmr?id=uPuB-7tbfgaYPwOiP6MJu' failed: Error in connection establishment: net::ERR_CONNECTION_REFUSED @ http://localhost:3008/_next/static/chunks/node_modules_next_dist_client_0r5nbpw._.js:13422
[  239613ms] [ERROR] WebSocket connection to 'ws://localhost:3008/_next/webpack-hmr?id=uPuB-7tbfgaYPwOiP6MJu' failed: Error in connection establishment: net::ERR_CONNECTION_REFUSED @ http://localhost:3008/_next/static/chunks/node_modules_next_dist_client_0r5nbpw._.js:13422
[  240616ms] [ERROR] WebSocket connection to 'ws://localhost:3008/_next/webpack-hmr?id=uPuB-7tbfgaYPwOiP6MJu' failed: Error in connection establishment: net::ERR_CONNECTION_REFUSED @ http://localhost:3008/_next/static/chunks/node_modules_next_dist_client_0r5nbpw._.js:13422
[  241618ms] [ERROR] WebSocket connection to 'ws://localhost:3008/_next/webpack-hmr?id=uPuB-7tbfgaYPwOiP6MJu' failed: Error in connection establishment: net::ERR_CONNECTION_REFUSED @ http://localhost:3008/_next/static/chunks/node_modules_next_dist_client_0r5nbpw._.js:13422
[  246624ms] [ERROR] WebSocket connection to 'ws://localhost:3008/_next/webpack-hmr?id=uPuB-7tbfgaYPwOiP6MJu' failed: Error in connection establishment: net::ERR_CONNECTION_REFUSED @ http://localhost:3008/_next/static/chunks/node_modules_next_dist_client_0r5nbpw._.js:13422
[  251652ms] [LOG] [HMR] connected @ http://localhost:3008/_next/static/chunks/node_modules_next_dist_1ybzpk2._.js:2477
[  251898ms] [VERBOSE] [DOM] Input elements should have autocomplete attributes (suggested: "current-password"): (More info: https://goo.gl/9p2vKq) %o @ http://localhost:3008/auth/sign-in:0
[  251917ms] [INFO] %cDownload the React DevTools for a better development experience: https://react.dev/link/react-devtools font-weight:bold @ http://localhost:3008/_next/static/chunks/node_modules_next_dist_1ybzpk2._.js:2477
[  251926ms] [LOG] [HMR] connected @ http://localhost:3008/_next/static/chunks/node_modules_next_dist_1ybzpk2._.js:2477
[  311411ms] [LOG] [Fast Refresh] rebuilding @ http://localhost:3008/_next/static/chunks/node_modules_next_dist_1ybzpk2._.js:2477
[  311445ms] [LOG] [Fast Refresh] done in 21ms @ http://localhost:3008/_next/static/chunks/node_modules_next_dist_1ybzpk2._.js:2477
[  315516ms] [LOG] [Fast Refresh] rebuilding @ http://localhost:3008/_next/static/chunks/node_modules_next_dist_1ybzpk2._.js:2477
[  315546ms] [LOG] [Fast Refresh] done in 22ms @ http://localhost:3008/_next/static/chunks/node_modules_next_dist_1ybzpk2._.js:2477
[  319896ms] [LOG] [Fast Refresh] rebuilding @ http://localhost:3008/_next/static/chunks/node_modules_next_dist_1ybzpk2._.js:2477
[  319929ms] [LOG] [Fast Refresh] done in 21ms @ http://localhost:3008/_next/static/chunks/node_modules_next_dist_1ybzpk2._.js:2477
[  329936ms] [LOG] [Fast Refresh] rebuilding @ http://localhost:3008/_next/static/chunks/node_modules_next_dist_1ybzpk2._.js:2477
[  329967ms] [LOG] [Fast Refresh] done in 25ms @ http://localhost:3008/_next/static/chunks/node_modules_next_dist_1ybzpk2._.js:2477
[  369382ms] [ERROR] WebSocket connection to 'ws://localhost:3008/_next/webpack-hmr?id=kyeFRL85V1tkCyjugij6W' failed: Error in connection establishment: net::ERR_CONNECTION_REFUSED @ http://localhost:3008/_next/static/chunks/node_modules_next_dist_client_0r5nbpw._.js:13422
[  370386ms] [ERROR] WebSocket connection to 'ws://localhost:3008/_next/webpack-hmr?id=kyeFRL85V1tkCyjugij6W' failed: Error in connection establishment: net::ERR_CONNECTION_REFUSED @ http://localhost:3008/_next/static/chunks/node_modules_next_dist_client_0r5nbpw._.js:13422
[  371389ms] [ERROR] WebSocket connection to 'ws://localhost:3008/_next/webpack-hmr?id=kyeFRL85V1tkCyjugij6W' failed: Error in connection establishment: net::ERR_CONNECTION_REFUSED @ http://localhost:3008/_next/static/chunks/node_modules_next_dist_client_0r5nbpw._.js:13422
[  372394ms] [LOG] [HMR] connected @ http://localhost:3008/_next/static/chunks/node_modules_next_dist_1ybzpk2._.js:2477
[  373043ms] [VERBOSE] [DOM] Input elements should have autocomplete attributes (suggested: "current-password"): (More info: https://goo.gl/9p2vKq) %o @ http://localhost:3008/auth/sign-in:0
[  373045ms] [INFO] %cDownload the React DevTools for a better development experience: https://react.dev/link/react-devtools font-weight:bold @ http://localhost:3008/_next/static/chunks/node_modules_next_dist_1ybzpk2._.js:2477
[  373054ms] [LOG] [HMR] connected @ http://localhost:3008/_next/static/chunks/node_modules_next_dist_1ybzpk2._.js:2477
[  387934ms] [LOG] [Fast Refresh] rebuilding @ http://localhost:3008/_next/static/chunks/node_modules_next_dist_1ybzpk2._.js:2477
[  388101ms] [LOG] [Fast Refresh] done in 269ms @ http://localhost:3008/_next/static/chunks/node_modules_next_dist_1ybzpk2._.js:2477
[  398176ms] [ERROR] WebSocket connection to 'ws://localhost:3008/_next/webpack-hmr?id=0sp5XtoQl4QGvv3lC0Uuk' failed: Error in connection establishment: net::ERR_CONNECTION_REFUSED @ http://localhost:3008/_next/static/chunks/node_modules_next_dist_client_0r5nbpw._.js:13422
[  399180ms] [ERROR] WebSocket connection to 'ws://localhost:3008/_next/webpack-hmr?id=0sp5XtoQl4QGvv3lC0Uuk' failed: Error in connection establishment: net::ERR_CONNECTION_REFUSED @ http://localhost:3008/_next/static/chunks/node_modules_next_dist_client_0r5nbpw._.js:13422
[  400184ms] [LOG] [HMR] connected @ http://localhost:3008/_next/static/chunks/node_modules_next_dist_1ybzpk2._.js:2477
[  400708ms] [VERBOSE] [DOM] Input elements should have autocomplete attributes (suggested: "current-password"): (More info: https://goo.gl/9p2vKq) %o @ http://localhost:3008/auth/sign-in:0
[  400716ms] [INFO] %cDownload the React DevTools for a better development experience: https://react.dev/link/react-devtools font-weight:bold @ http://localhost:3008/_next/static/chunks/node_modules_next_dist_1ybzpk2._.js:2477
[  400723ms] [LOG] [HMR] connected @ http://localhost:3008/_next/static/chunks/node_modules_next_dist_1ybzpk2._.js:2477
[  478241ms] [ERROR] WebSocket connection to 'ws://localhost:3008/_next/webpack-hmr?id=w_o-tboE_3L-8mZCEI8Fo' failed: Error in connection establishment: net::ERR_CONNECTION_REFUSED @ http://localhost:3008/_next/static/chunks/node_modules_next_dist_client_0r5nbpw._.js:13422
[  479244ms] [ERROR] WebSocket connection to 'ws://localhost:3008/_next/webpack-hmr?id=w_o-tboE_3L-8mZCEI8Fo' failed: Error in connection establishment: net::ERR_CONNECTION_REFUSED @ http://localhost:3008/_next/static/chunks/node_modules_next_dist_client_0r5nbpw._.js:13422
[  480248ms] [ERROR] WebSocket connection to 'ws://localhost:3008/_next/webpack-hmr?id=w_o-tboE_3L-8mZCEI8Fo' failed: Error in connection establishment: net::ERR_CONNECTION_REFUSED @ http://localhost:3008/_next/static/chunks/node_modules_next_dist_client_0r5nbpw._.js:13422
[  481253ms] [ERROR] WebSocket connection to 'ws://localhost:3008/_next/webpack-hmr?id=w_o-tboE_3L-8mZCEI8Fo' failed: Error in connection establishment: net::ERR_CONNECTION_REFUSED @ http://localhost:3008/_next/static/chunks/node_modules_next_dist_client_0r5nbpw._.js:13422
[  482257ms] [ERROR] WebSocket connection to 'ws://localhost:3008/_next/webpack-hmr?id=w_o-tboE_3L-8mZCEI8Fo' failed: Error in connection establishment: net::ERR_CONNECTION_REFUSED @ http://localhost:3008/_next/static/chunks/node_modules_next_dist_client_0r5nbpw._.js:13422
[  487260ms] [ERROR] WebSocket connection to 'ws://localhost:3008/_next/webpack-hmr?id=w_o-tboE_3L-8mZCEI8Fo' failed: Error in connection establishment: net::ERR_CONNECTION_REFUSED @ http://localhost:3008/_next/static/chunks/node_modules_next_dist_client_0r5nbpw._.js:13422
[  492263ms] [ERROR] WebSocket connection to 'ws://localhost:3008/_next/webpack-hmr?id=w_o-tboE_3L-8mZCEI8Fo' failed: Error in connection establishment: net::ERR_CONNECTION_REFUSED @ http://localhost:3008/_next/static/chunks/node_modules_next_dist_client_0r5nbpw._.js:13422
[  497267ms] [ERROR] WebSocket connection to 'ws://localhost:3008/_next/webpack-hmr?id=w_o-tboE_3L-8mZCEI8Fo' failed: Error in connection establishment: net::ERR_CONNECTION_REFUSED @ http://localhost:3008/_next/static/chunks/node_modules_next_dist_client_0r5nbpw._.js:13422
[  502272ms] [ERROR] WebSocket connection to 'ws://localhost:3008/_next/webpack-hmr?id=w_o-tboE_3L-8mZCEI8Fo' failed: Error in connection establishment: net::ERR_CONNECTION_REFUSED @ http://localhost:3008/_next/static/chunks/node_modules_next_dist_client_0r5nbpw._.js:13422
[  507277ms] [ERROR] WebSocket connection to 'ws://localhost:3008/_next/webpack-hmr?id=w_o-tboE_3L-8mZCEI8Fo' failed: Error in connection establishment: net::ERR_CONNECTION_REFUSED @ http://localhost:3008/_next/static/chunks/node_modules_next_dist_client_0r5nbpw._.js:13422
[  512279ms] [ERROR] WebSocket connection to 'ws://localhost:3008/_next/webpack-hmr?id=w_o-tboE_3L-8mZCEI8Fo' failed: Error in connection establishment: net::ERR_CONNECTION_REFUSED @ http://localhost:3008/_next/static/chunks/node_modules_next_dist_client_0r5nbpw._.js:13422
[  517283ms] [ERROR] WebSocket connection to 'ws://localhost:3008/_next/webpack-hmr?id=w_o-tboE_3L-8mZCEI8Fo' failed: Error in connection establishment: net::ERR_CONNECTION_REFUSED @ http://localhost:3008/_next/static/chunks/node_modules_next_dist_client_0r5nbpw._.js:13422
[  914019ms] [VERBOSE] [DOM] Input elements should have autocomplete attributes (suggested: "current-password"): (More info: https://goo.gl/9p2vKq) %o @ http://localhost:3008/auth/sign-in:0
[  914043ms] [INFO] %cDownload the React DevTools for a better development experience: https://react.dev/link/react-devtools font-weight:bold @ http://localhost:3008/_next/static/chunks/node_modules_next_dist_1ybzpk2._.js:2477
[  914084ms] [LOG] [HMR] connected @ http://localhost:3008/_next/static/chunks/node_modules_next_dist_1ybzpk2._.js:2477
